2025-03-27 16:02:40.278 | INFO     | app.utils.binance_client:_initialize_client:31 - Connected to Binance API in backtest mode
2025-03-27 16:02:40.715 | INFO     | app.utils.binance_client:_initialize_client:36 - Binance server time: {'serverTime': 1743066160626}
2025-03-27 16:02:41.122 | INFO     | app.models.binance_client:_initialize_client:29 - Binance client initialized with API credentials
2025-03-27 16:02:41.124 | INFO     | app.notification.telegram_notifier:_initialize_bot:33 - Telegram bot initialized
2025-03-27 16:04:43.015 | INFO     | app.utils.binance_client:_initialize_client:31 - Connected to Binance API in backtest mode
2025-03-27 16:04:43.314 | INFO     | app.utils.binance_client:_initialize_client:36 - Binance server time: {'serverTime': 1743066283367}
2025-03-27 16:04:43.652 | INFO     | app.models.binance_client:_initialize_client:29 - Binance client initialized with API credentials
2025-03-27 16:04:43.653 | INFO     | app.notification.telegram_notifier:_initialize_bot:33 - Telegram bot initialized
2025-03-27 16:04:43.999 | INFO     | __main__:__init__:40 - Trading bot initialized in backtest mode for ['BTCUSDT']
2025-03-27 16:04:44.960 | INFO     | __main__:main:303 - Running backtest from 2025-01-01 to 2025-02-31
2025-03-27 16:04:44.961 | INFO     | __main__:run_backtest:175 - Starting backtest for BTCUSDT
2025-03-27 16:04:45.100 | INFO     | app.backtesting.backtest_engine:__init__:36 - Initialized backtesting for BTCUSDT from 2025-01-01 to 2025-02-31
2025-03-27 16:04:45.101 | INFO     | app.backtesting.backtest_engine:run_backtest:57 - Starting backtest for BTCUSDT
2025-03-27 16:04:46.886 | ERROR    | app.utils.data_handler:fetch_ohlcv_data:60 - Error fetching OHLCV data for BTCUSDT 1m: 2025-02-31
2025-03-27 16:04:47.123 | ERROR    | app.utils.data_handler:fetch_ohlcv_data:60 - Error fetching OHLCV data for BTCUSDT 5m: 2025-02-31
2025-03-27 16:04:47.364 | ERROR    | app.utils.data_handler:fetch_ohlcv_data:60 - Error fetching OHLCV data for BTCUSDT 15m: 2025-02-31
2025-03-27 16:04:47.759 | ERROR    | app.utils.data_handler:fetch_ohlcv_data:60 - Error fetching OHLCV data for BTCUSDT 1h: 2025-02-31
2025-03-27 16:04:48.009 | ERROR    | app.utils.data_handler:fetch_ohlcv_data:60 - Error fetching OHLCV data for BTCUSDT 4h: 2025-02-31
2025-03-27 16:04:48.009 | ERROR    | app.backtesting.backtest_engine:run_backtest:62 - Failed to load data for backtesting BTCUSDT
2025-03-27 16:05:41.332 | INFO     | app.utils.binance_client:_initialize_client:31 - Connected to Binance API in backtest mode
2025-03-27 16:05:41.674 | INFO     | app.utils.binance_client:_initialize_client:36 - Binance server time: {'serverTime': 1743066341725}
2025-03-27 16:05:42.169 | INFO     | app.models.binance_client:_initialize_client:29 - Binance client initialized with API credentials
2025-03-27 16:05:42.170 | INFO     | app.notification.telegram_notifier:_initialize_bot:33 - Telegram bot initialized
2025-03-27 16:05:42.631 | INFO     | __main__:__init__:40 - Trading bot initialized in backtest mode for ['BTCUSDT']
2025-03-27 16:05:43.778 | INFO     | __main__:main:303 - Running backtest from 2023-01-01 to 2023-12-31
2025-03-27 16:05:43.779 | INFO     | __main__:run_backtest:175 - Starting backtest for BTCUSDT
2025-03-27 16:05:43.919 | INFO     | app.backtesting.backtest_engine:__init__:36 - Initialized backtesting for BTCUSDT from 2023-01-01 to 2023-12-31
2025-03-27 16:05:43.919 | INFO     | app.backtesting.backtest_engine:run_backtest:57 - Starting backtest for BTCUSDT
2025-03-27 16:05:44.124 | WARNING  | app.utils.data_handler:fetch_ohlcv_data:37 - No data returned for BTCUSDT 1m
2025-03-27 16:05:44.275 | WARNING  | app.utils.data_handler:fetch_ohlcv_data:37 - No data returned for BTCUSDT 5m
2025-03-27 16:05:44.424 | WARNING  | app.utils.data_handler:fetch_ohlcv_data:37 - No data returned for BTCUSDT 15m
2025-03-27 16:05:44.806 | WARNING  | app.utils.data_handler:fetch_ohlcv_data:37 - No data returned for BTCUSDT 1h
2025-03-27 16:05:44.989 | WARNING  | app.utils.data_handler:fetch_ohlcv_data:37 - No data returned for BTCUSDT 4h
2025-03-27 16:05:44.990 | ERROR    | app.backtesting.backtest_engine:run_backtest:62 - Failed to load data for backtesting BTCUSDT
2025-03-27 16:06:12.303 | INFO     | app.utils.binance_client:_initialize_client:31 - Connected to Binance API in backtest mode
2025-03-27 16:06:12.723 | INFO     | app.utils.binance_client:_initialize_client:36 - Binance server time: {'serverTime': 1743066372759}
2025-03-27 16:06:13.292 | INFO     | app.models.binance_client:_initialize_client:29 - Binance client initialized with API credentials
2025-03-27 16:06:13.293 | INFO     | app.notification.telegram_notifier:_initialize_bot:33 - Telegram bot initialized
2025-03-27 16:06:13.665 | INFO     | __main__:__init__:40 - Trading bot initialized in backtest mode for ['BTCUSDT']
2025-03-27 16:06:14.557 | INFO     | __main__:main:303 - Running backtest from 2023-01-01 to 2023-01-31
2025-03-27 16:06:14.557 | INFO     | __main__:run_backtest:175 - Starting backtest for BTCUSDT
2025-03-27 16:06:14.702 | INFO     | app.backtesting.backtest_engine:__init__:36 - Initialized backtesting for BTCUSDT from 2023-01-01 to 2023-01-31
2025-03-27 16:06:14.702 | INFO     | app.backtesting.backtest_engine:run_backtest:57 - Starting backtest for BTCUSDT
2025-03-27 16:06:15.061 | WARNING  | app.utils.data_handler:fetch_ohlcv_data:37 - No data returned for BTCUSDT 1m
2025-03-27 16:06:15.357 | WARNING  | app.utils.data_handler:fetch_ohlcv_data:37 - No data returned for BTCUSDT 5m
2025-03-27 16:06:15.523 | WARNING  | app.utils.data_handler:fetch_ohlcv_data:37 - No data returned for BTCUSDT 15m
2025-03-27 16:06:15.775 | WARNING  | app.utils.data_handler:fetch_ohlcv_data:37 - No data returned for BTCUSDT 1h
2025-03-27 16:06:15.931 | WARNING  | app.utils.data_handler:fetch_ohlcv_data:37 - No data returned for BTCUSDT 4h
2025-03-27 16:06:15.933 | ERROR    | app.backtesting.backtest_engine:run_backtest:62 - Failed to load data for backtesting BTCUSDT
2025-03-27 16:06:23.979 | INFO     | app.utils.binance_client:_initialize_client:31 - Connected to Binance API in backtest mode
2025-03-27 16:06:24.285 | INFO     | app.utils.binance_client:_initialize_client:36 - Binance server time: {'serverTime': 1743066384339}
2025-03-27 16:06:24.706 | INFO     | app.models.binance_client:_initialize_client:29 - Binance client initialized with API credentials
2025-03-27 16:06:24.706 | INFO     | app.notification.telegram_notifier:_initialize_bot:33 - Telegram bot initialized
2025-03-27 16:06:25.234 | INFO     | __main__:__init__:40 - Trading bot initialized in backtest mode for ['BTCUSDT']
2025-03-27 16:06:26.226 | INFO     | __main__:main:303 - Running backtest from 2023-01-01 to 2023-12-31
2025-03-27 16:06:26.226 | INFO     | __main__:run_backtest:175 - Starting backtest for BTCUSDT
2025-03-27 16:06:26.363 | INFO     | app.backtesting.backtest_engine:__init__:36 - Initialized backtesting for BTCUSDT from 2023-01-01 to 2023-12-31
2025-03-27 16:06:26.363 | INFO     | app.backtesting.backtest_engine:run_backtest:57 - Starting backtest for BTCUSDT
2025-03-27 16:06:26.552 | WARNING  | app.utils.data_handler:fetch_ohlcv_data:37 - No data returned for BTCUSDT 1m
2025-03-27 16:06:26.702 | WARNING  | app.utils.data_handler:fetch_ohlcv_data:37 - No data returned for BTCUSDT 5m
2025-03-27 16:06:26.845 | WARNING  | app.utils.data_handler:fetch_ohlcv_data:37 - No data returned for BTCUSDT 15m
2025-03-27 16:06:26.999 | WARNING  | app.utils.data_handler:fetch_ohlcv_data:37 - No data returned for BTCUSDT 1h
2025-03-27 16:06:27.160 | WARNING  | app.utils.data_handler:fetch_ohlcv_data:37 - No data returned for BTCUSDT 4h
2025-03-27 16:06:27.161 | ERROR    | app.backtesting.backtest_engine:run_backtest:62 - Failed to load data for backtesting BTCUSDT
2025-03-27 16:06:52.346 | INFO     | app.utils.binance_client:_initialize_client:31 - Connected to Binance API in backtest mode
2025-03-27 16:06:52.638 | INFO     | app.utils.binance_client:_initialize_client:36 - Binance server time: {'serverTime': 1743066412684}
2025-03-27 16:06:52.916 | INFO     | app.models.binance_client:_initialize_client:29 - Binance client initialized with API credentials
2025-03-27 16:06:52.917 | INFO     | app.notification.telegram_notifier:_initialize_bot:33 - Telegram bot initialized
2025-03-27 16:06:53.433 | INFO     | __main__:__init__:40 - Trading bot initialized in paper mode for ['BTCUSDT']
2025-03-27 16:06:54.330 | INFO     | __main__:main:309 - Running in paper mode with 1 minute interval
2025-03-27 16:06:54.331 | INFO     | __main__:run_forever:222 - Starting trading bot with 1 minute interval
2025-03-27 16:06:54.730 | INFO     | __main__:run_trading_cycle:47 - Running trading cycle at 2025-03-27 16:06:54.730654
2025-03-27 16:06:55.052 | INFO     | app.utils.data_handler:fetch_ohlcv_data:56 - Fetched 500 1m candles for BTCUSDT
2025-03-27 16:06:55.362 | INFO     | app.utils.data_handler:fetch_ohlcv_data:56 - Fetched 500 5m candles for BTCUSDT
2025-03-27 16:06:56.010 | INFO     | app.utils.data_handler:fetch_ohlcv_data:56 - Fetched 500 15m candles for BTCUSDT
2025-03-27 16:06:56.380 | INFO     | app.utils.data_handler:fetch_ohlcv_data:56 - Fetched 500 1h candles for BTCUSDT
2025-03-27 16:06:56.675 | INFO     | app.utils.data_handler:fetch_ohlcv_data:56 - Fetched 132 4h candles for BTCUSDT
2025-03-27 16:06:56.694 | INFO     | app.strategies.strategy_selector:_analyze_market_state:110 - Market state for BTCUSDT: scalping (volatility: 0.2877, directional: 0.0085)
2025-03-27 16:06:56.710 | ERROR    | app.indicators.technical_indicators:add_candlestick_patterns:315 - Error calculating candlestick patterns: module 'ta' has no attribute 'candlestick'
2025-03-27 16:06:56.724 | ERROR    | app.indicators.technical_indicators:add_candlestick_patterns:315 - Error calculating candlestick patterns: module 'ta' has no attribute 'candlestick'
2025-03-27 16:06:56.736 | ERROR    | app.indicators.technical_indicators:add_candlestick_patterns:315 - Error calculating candlestick patterns: module 'ta' has no attribute 'candlestick'
2025-03-27 16:06:56.746 | ERROR    | app.indicators.technical_indicators:add_candlestick_patterns:315 - Error calculating candlestick patterns: module 'ta' has no attribute 'candlestick'
2025-03-27 16:06:56.754 | ERROR    | app.indicators.technical_indicators:add_candlestick_patterns:315 - Error calculating candlestick patterns: module 'ta' has no attribute 'candlestick'
2025-03-27 16:07:56.775 | INFO     | __main__:run_trading_cycle:47 - Running trading cycle at 2025-03-27 16:07:56.775694
2025-03-27 16:07:57.159 | INFO     | app.utils.data_handler:fetch_ohlcv_data:56 - Fetched 500 1m candles for BTCUSDT
2025-03-27 16:07:57.538 | INFO     | app.utils.data_handler:fetch_ohlcv_data:56 - Fetched 500 5m candles for BTCUSDT
2025-03-27 16:07:57.896 | INFO     | app.utils.data_handler:fetch_ohlcv_data:56 - Fetched 500 15m candles for BTCUSDT
2025-03-27 16:07:58.452 | INFO     | app.utils.data_handler:fetch_ohlcv_data:56 - Fetched 500 1h candles for BTCUSDT
2025-03-27 16:07:58.603 | INFO     | app.utils.data_handler:fetch_ohlcv_data:56 - Fetched 132 4h candles for BTCUSDT
2025-03-27 16:07:58.612 | INFO     | app.strategies.strategy_selector:_analyze_market_state:110 - Market state for BTCUSDT: scalping (volatility: 0.2876, directional: 0.0086)
2025-03-27 16:07:58.624 | ERROR    | app.indicators.technical_indicators:add_candlestick_patterns:315 - Error calculating candlestick patterns: module 'ta' has no attribute 'candlestick'
2025-03-27 16:07:58.635 | ERROR    | app.indicators.technical_indicators:add_candlestick_patterns:315 - Error calculating candlestick patterns: module 'ta' has no attribute 'candlestick'
2025-03-27 16:07:58.646 | ERROR    | app.indicators.technical_indicators:add_candlestick_patterns:315 - Error calculating candlestick patterns: module 'ta' has no attribute 'candlestick'
2025-03-27 16:07:58.656 | ERROR    | app.indicators.technical_indicators:add_candlestick_patterns:315 - Error calculating candlestick patterns: module 'ta' has no attribute 'candlestick'
2025-03-27 16:07:58.665 | ERROR    | app.indicators.technical_indicators:add_candlestick_patterns:315 - Error calculating candlestick patterns: module 'ta' has no attribute 'candlestick'
2025-03-27 16:08:13.405 | INFO     | app.utils.binance_client:_initialize_client:31 - Connected to Binance API in backtest mode
2025-03-27 16:08:13.683 | INFO     | app.utils.binance_client:_initialize_client:36 - Binance server time: {'serverTime': 1743066493743}
2025-03-27 16:08:14.046 | INFO     | app.models.binance_client:_initialize_client:29 - Binance client initialized with API credentials
2025-03-27 16:08:14.047 | INFO     | app.notification.telegram_notifier:_initialize_bot:33 - Telegram bot initialized
2025-03-27 16:08:14.403 | INFO     | __main__:__init__:40 - Trading bot initialized in backtest mode for ['BTCUSDT']
2025-03-27 16:08:15.299 | INFO     | __main__:main:303 - Running backtest from 2023-01-01 to 2023-01-31
2025-03-27 16:08:15.299 | INFO     | __main__:run_backtest:175 - Starting backtest for BTCUSDT
2025-03-27 16:08:15.446 | INFO     | app.backtesting.backtest_engine:__init__:36 - Initialized backtesting for BTCUSDT from 2023-01-01 to 2023-01-31
2025-03-27 16:08:15.446 | INFO     | app.backtesting.backtest_engine:run_backtest:57 - Starting backtest for BTCUSDT
2025-03-27 16:08:15.631 | WARNING  | app.utils.data_handler:fetch_ohlcv_data:37 - No data returned for BTCUSDT 1m
2025-03-27 16:08:15.780 | WARNING  | app.utils.data_handler:fetch_ohlcv_data:37 - No data returned for BTCUSDT 5m
2025-03-27 16:08:15.927 | WARNING  | app.utils.data_handler:fetch_ohlcv_data:37 - No data returned for BTCUSDT 15m
2025-03-27 16:08:16.072 | WARNING  | app.utils.data_handler:fetch_ohlcv_data:37 - No data returned for BTCUSDT 1h
2025-03-27 16:08:16.219 | WARNING  | app.utils.data_handler:fetch_ohlcv_data:37 - No data returned for BTCUSDT 4h
2025-03-27 16:08:16.220 | ERROR    | app.backtesting.backtest_engine:run_backtest:62 - Failed to load data for backtesting BTCUSDT
2025-03-27 16:08:20.819 | INFO     | app.utils.binance_client:_initialize_client:31 - Connected to Binance API in backtest mode
2025-03-27 16:08:21.090 | INFO     | app.utils.binance_client:_initialize_client:36 - Binance server time: {'serverTime': 1743066501153}
2025-03-27 16:08:21.368 | INFO     | app.models.binance_client:_initialize_client:29 - Binance client initialized with API credentials
2025-03-27 16:08:21.369 | INFO     | app.notification.telegram_notifier:_initialize_bot:33 - Telegram bot initialized
2025-03-27 16:08:21.653 | INFO     | __main__:__init__:40 - Trading bot initialized in paper mode for ['BTCUSDT']
2025-03-27 16:08:22.557 | INFO     | __main__:main:309 - Running in paper mode with 1 minute interval
2025-03-27 16:08:22.558 | INFO     | __main__:run_forever:222 - Starting trading bot with 1 minute interval
2025-03-27 16:08:22.958 | INFO     | __main__:run_trading_cycle:47 - Running trading cycle at 2025-03-27 16:08:22.958223
2025-03-27 16:08:23.400 | INFO     | app.utils.data_handler:fetch_ohlcv_data:56 - Fetched 500 1m candles for BTCUSDT
2025-03-27 16:08:23.839 | INFO     | app.utils.data_handler:fetch_ohlcv_data:56 - Fetched 500 5m candles for BTCUSDT
2025-03-27 16:08:24.146 | INFO     | app.utils.data_handler:fetch_ohlcv_data:56 - Fetched 500 15m candles for BTCUSDT
2025-03-27 16:08:24.664 | INFO     | app.utils.data_handler:fetch_ohlcv_data:56 - Fetched 500 1h candles for BTCUSDT
2025-03-27 16:08:24.951 | INFO     | app.utils.data_handler:fetch_ohlcv_data:56 - Fetched 132 4h candles for BTCUSDT
2025-03-27 16:08:24.971 | INFO     | app.strategies.strategy_selector:_analyze_market_state:110 - Market state for BTCUSDT: scalping (volatility: 0.2865, directional: 0.0125)
2025-03-27 16:09:25.196 | INFO     | __main__:run_trading_cycle:47 - Running trading cycle at 2025-03-27 16:09:25.196821
2025-03-27 16:09:25.571 | INFO     | app.utils.data_handler:fetch_ohlcv_data:56 - Fetched 500 1m candles for BTCUSDT
2025-03-27 16:09:25.878 | INFO     | app.utils.data_handler:fetch_ohlcv_data:56 - Fetched 500 5m candles for BTCUSDT
2025-03-27 16:09:26.193 | INFO     | app.utils.data_handler:fetch_ohlcv_data:56 - Fetched 500 15m candles for BTCUSDT
2025-03-27 16:09:26.697 | INFO     | app.utils.data_handler:fetch_ohlcv_data:56 - Fetched 500 1h candles for BTCUSDT
2025-03-27 16:09:26.847 | INFO     | app.utils.data_handler:fetch_ohlcv_data:56 - Fetched 132 4h candles for BTCUSDT
2025-03-27 16:09:26.866 | INFO     | app.strategies.strategy_selector:_analyze_market_state:110 - Market state for BTCUSDT: scalping (volatility: 0.2877, directional: 0.0083)
2025-03-27 16:10:27.085 | INFO     | __main__:run_trading_cycle:47 - Running trading cycle at 2025-03-27 16:10:27.085221
2025-03-27 16:10:27.466 | INFO     | app.utils.data_handler:fetch_ohlcv_data:56 - Fetched 500 1m candles for BTCUSDT
2025-03-27 16:10:27.898 | INFO     | app.utils.data_handler:fetch_ohlcv_data:56 - Fetched 500 5m candles for BTCUSDT
2025-03-27 16:10:28.370 | INFO     | app.utils.data_handler:fetch_ohlcv_data:56 - Fetched 500 15m candles for BTCUSDT
2025-03-27 16:10:28.919 | INFO     | app.utils.data_handler:fetch_ohlcv_data:56 - Fetched 500 1h candles for BTCUSDT
2025-03-27 16:10:29.227 | INFO     | app.utils.data_handler:fetch_ohlcv_data:56 - Fetched 132 4h candles for BTCUSDT
2025-03-27 16:10:29.239 | INFO     | app.strategies.strategy_selector:_analyze_market_state:110 - Market state for BTCUSDT: scalping (volatility: 0.2878, directional: 0.0080)
2025-03-27 16:11:29.453 | INFO     | __main__:run_trading_cycle:47 - Running trading cycle at 2025-03-27 16:11:29.453565
2025-03-27 16:11:29.831 | INFO     | app.utils.data_handler:fetch_ohlcv_data:56 - Fetched 500 1m candles for BTCUSDT
2025-03-27 16:11:30.211 | INFO     | app.utils.data_handler:fetch_ohlcv_data:56 - Fetched 500 5m candles for BTCUSDT
2025-03-27 16:11:30.575 | INFO     | app.utils.data_handler:fetch_ohlcv_data:56 - Fetched 500 15m candles for BTCUSDT
2025-03-27 16:11:30.940 | INFO     | app.utils.data_handler:fetch_ohlcv_data:56 - Fetched 500 1h candles for BTCUSDT
2025-03-27 16:11:31.085 | INFO     | app.utils.data_handler:fetch_ohlcv_data:56 - Fetched 132 4h candles for BTCUSDT
2025-03-27 16:11:31.093 | INFO     | app.strategies.strategy_selector:_analyze_market_state:110 - Market state for BTCUSDT: scalping (volatility: 0.2877, directional: 0.0084)
2025-03-27 16:12:31.317 | INFO     | __main__:run_trading_cycle:47 - Running trading cycle at 2025-03-27 16:12:31.317598
2025-03-27 16:12:31.769 | INFO     | app.utils.data_handler:fetch_ohlcv_data:56 - Fetched 500 1m candles for BTCUSDT
2025-03-27 16:12:32.278 | INFO     | app.utils.data_handler:fetch_ohlcv_data:56 - Fetched 500 5m candles for BTCUSDT
2025-03-27 16:12:32.788 | INFO     | app.utils.data_handler:fetch_ohlcv_data:56 - Fetched 500 15m candles for BTCUSDT
2025-03-27 16:12:33.300 | INFO     | app.utils.data_handler:fetch_ohlcv_data:56 - Fetched 500 1h candles for BTCUSDT
2025-03-27 16:12:33.456 | INFO     | app.utils.data_handler:fetch_ohlcv_data:56 - Fetched 132 4h candles for BTCUSDT
2025-03-27 16:12:33.467 | INFO     | app.strategies.strategy_selector:_analyze_market_state:110 - Market state for BTCUSDT: scalping (volatility: 0.2877, directional: 0.0084)
2025-03-27 16:13:33.683 | INFO     | __main__:run_trading_cycle:47 - Running trading cycle at 2025-03-27 16:13:33.683603
2025-03-27 16:13:34.070 | INFO     | app.utils.data_handler:fetch_ohlcv_data:56 - Fetched 500 1m candles for BTCUSDT
2025-03-27 16:13:34.447 | INFO     | app.utils.data_handler:fetch_ohlcv_data:56 - Fetched 500 5m candles for BTCUSDT
2025-03-27 16:13:34.814 | INFO     | app.utils.data_handler:fetch_ohlcv_data:56 - Fetched 500 15m candles for BTCUSDT
2025-03-27 16:13:35.186 | INFO     | app.utils.data_handler:fetch_ohlcv_data:56 - Fetched 500 1h candles for BTCUSDT
2025-03-27 16:13:35.475 | INFO     | app.utils.data_handler:fetch_ohlcv_data:56 - Fetched 132 4h candles for BTCUSDT
2025-03-27 16:13:35.493 | INFO     | app.strategies.strategy_selector:_analyze_market_state:110 - Market state for BTCUSDT: scalping (volatility: 0.2878, directional: 0.0079)
2025-03-27 16:14:35.737 | INFO     | __main__:run_trading_cycle:47 - Running trading cycle at 2025-03-27 16:14:35.737189
2025-03-27 16:14:36.051 | INFO     | app.utils.data_handler:fetch_ohlcv_data:56 - Fetched 500 1m candles for BTCUSDT
2025-03-27 16:14:36.433 | INFO     | app.utils.data_handler:fetch_ohlcv_data:56 - Fetched 500 5m candles for BTCUSDT
2025-03-27 16:14:36.797 | INFO     | app.utils.data_handler:fetch_ohlcv_data:56 - Fetched 500 15m candles for BTCUSDT
2025-03-27 16:14:37.302 | INFO     | app.utils.data_handler:fetch_ohlcv_data:56 - Fetched 500 1h candles for BTCUSDT
2025-03-27 16:14:37.455 | INFO     | app.utils.data_handler:fetch_ohlcv_data:56 - Fetched 132 4h candles for BTCUSDT
2025-03-27 16:14:37.464 | INFO     | app.strategies.strategy_selector:_analyze_market_state:110 - Market state for BTCUSDT: scalping (volatility: 0.2879, directional: 0.0077)
2025-03-27 16:15:37.688 | INFO     | __main__:run_trading_cycle:47 - Running trading cycle at 2025-03-27 16:15:37.688458
2025-03-27 16:15:38.074 | INFO     | app.utils.data_handler:fetch_ohlcv_data:56 - Fetched 500 1m candles for BTCUSDT
2025-03-27 16:15:38.454 | INFO     | app.utils.data_handler:fetch_ohlcv_data:56 - Fetched 500 5m candles for BTCUSDT
2025-03-27 16:15:38.820 | INFO     | app.utils.data_handler:fetch_ohlcv_data:56 - Fetched 500 15m candles for BTCUSDT
2025-03-27 16:15:39.197 | INFO     | app.utils.data_handler:fetch_ohlcv_data:56 - Fetched 500 1h candles for BTCUSDT
2025-03-27 16:15:39.349 | INFO     | app.utils.data_handler:fetch_ohlcv_data:56 - Fetched 132 4h candles for BTCUSDT
2025-03-27 16:15:39.359 | INFO     | app.strategies.strategy_selector:_analyze_market_state:110 - Market state for BTCUSDT: scalping (volatility: 0.2879, directional: 0.0077)
2025-03-27 16:16:39.588 | INFO     | __main__:run_trading_cycle:47 - Running trading cycle at 2025-03-27 16:16:39.588206
2025-03-27 16:16:39.984 | INFO     | app.utils.data_handler:fetch_ohlcv_data:56 - Fetched 500 1m candles for BTCUSDT
2025-03-27 16:16:40.369 | INFO     | app.utils.data_handler:fetch_ohlcv_data:56 - Fetched 500 5m candles for BTCUSDT
2025-03-27 16:16:40.736 | INFO     | app.utils.data_handler:fetch_ohlcv_data:56 - Fetched 500 15m candles for BTCUSDT
2025-03-27 16:16:41.045 | INFO     | app.utils.data_handler:fetch_ohlcv_data:56 - Fetched 500 1h candles for BTCUSDT
2025-03-27 16:16:41.193 | INFO     | app.utils.data_handler:fetch_ohlcv_data:56 - Fetched 132 4h candles for BTCUSDT
2025-03-27 16:16:41.207 | INFO     | app.strategies.strategy_selector:_analyze_market_state:110 - Market state for BTCUSDT: scalping (volatility: 0.2877, directional: 0.0084)
2025-03-27 16:17:41.435 | INFO     | __main__:run_trading_cycle:47 - Running trading cycle at 2025-03-27 16:17:41.435352
2025-03-27 16:17:41.818 | INFO     | app.utils.data_handler:fetch_ohlcv_data:56 - Fetched 500 1m candles for BTCUSDT
2025-03-27 16:17:42.199 | INFO     | app.utils.data_handler:fetch_ohlcv_data:56 - Fetched 500 5m candles for BTCUSDT
2025-03-27 16:17:42.568 | INFO     | app.utils.data_handler:fetch_ohlcv_data:56 - Fetched 500 15m candles for BTCUSDT
2025-03-27 16:17:43.089 | INFO     | app.utils.data_handler:fetch_ohlcv_data:56 - Fetched 500 1h candles for BTCUSDT
2025-03-27 16:17:43.240 | INFO     | app.utils.data_handler:fetch_ohlcv_data:56 - Fetched 132 4h candles for BTCUSDT
2025-03-27 16:17:43.260 | INFO     | app.strategies.strategy_selector:_analyze_market_state:110 - Market state for BTCUSDT: scalping (volatility: 0.2875, directional: 0.0090)
2025-03-27 16:18:43.492 | INFO     | __main__:run_trading_cycle:47 - Running trading cycle at 2025-03-27 16:18:43.492660
2025-03-27 16:18:43.797 | INFO     | app.utils.data_handler:fetch_ohlcv_data:56 - Fetched 500 1m candles for BTCUSDT
2025-03-27 16:18:44.314 | INFO     | app.utils.data_handler:fetch_ohlcv_data:56 - Fetched 500 5m candles for BTCUSDT
2025-03-27 16:18:44.613 | INFO     | app.utils.data_handler:fetch_ohlcv_data:56 - Fetched 500 15m candles for BTCUSDT
2025-03-27 16:18:44.917 | INFO     | app.utils.data_handler:fetch_ohlcv_data:56 - Fetched 500 1h candles for BTCUSDT
2025-03-27 16:18:45.067 | INFO     | app.utils.data_handler:fetch_ohlcv_data:56 - Fetched 132 4h candles for BTCUSDT
2025-03-27 16:18:45.083 | INFO     | app.strategies.strategy_selector:_analyze_market_state:110 - Market state for BTCUSDT: scalping (volatility: 0.2876, directional: 0.0088)
2025-03-27 16:19:45.306 | INFO     | __main__:run_trading_cycle:47 - Running trading cycle at 2025-03-27 16:19:45.306243
2025-03-27 16:19:45.869 | INFO     | app.utils.data_handler:fetch_ohlcv_data:56 - Fetched 500 1m candles for BTCUSDT
2025-03-27 16:19:46.208 | INFO     | app.utils.data_handler:fetch_ohlcv_data:56 - Fetched 500 5m candles for BTCUSDT
2025-03-27 16:19:46.540 | INFO     | app.utils.data_handler:fetch_ohlcv_data:56 - Fetched 500 15m candles for BTCUSDT
2025-03-27 16:19:47.007 | INFO     | app.utils.data_handler:fetch_ohlcv_data:56 - Fetched 500 1h candles for BTCUSDT
2025-03-27 16:19:47.174 | INFO     | app.utils.data_handler:fetch_ohlcv_data:56 - Fetched 132 4h candles for BTCUSDT
2025-03-27 16:19:47.192 | INFO     | app.strategies.strategy_selector:_analyze_market_state:110 - Market state for BTCUSDT: scalping (volatility: 0.2876, directional: 0.0087)
2025-03-27 16:20:47.418 | INFO     | __main__:run_trading_cycle:47 - Running trading cycle at 2025-03-27 16:20:47.417427
2025-03-27 16:20:47.842 | INFO     | app.utils.data_handler:fetch_ohlcv_data:56 - Fetched 500 1m candles for BTCUSDT
2025-03-27 16:20:48.282 | INFO     | app.utils.data_handler:fetch_ohlcv_data:56 - Fetched 500 5m candles for BTCUSDT
2025-03-27 16:20:48.604 | INFO     | app.utils.data_handler:fetch_ohlcv_data:56 - Fetched 500 15m candles for BTCUSDT
2025-03-27 16:20:49.123 | INFO     | app.utils.data_handler:fetch_ohlcv_data:56 - Fetched 500 1h candles for BTCUSDT
2025-03-27 16:20:49.422 | INFO     | app.utils.data_handler:fetch_ohlcv_data:56 - Fetched 132 4h candles for BTCUSDT
2025-03-27 16:20:49.439 | INFO     | app.strategies.strategy_selector:_analyze_market_state:110 - Market state for BTCUSDT: scalping (volatility: 0.2876, directional: 0.0087)
2025-03-27 16:21:49.665 | INFO     | __main__:run_trading_cycle:47 - Running trading cycle at 2025-03-27 16:21:49.665524
2025-03-27 16:21:50.117 | INFO     | app.utils.data_handler:fetch_ohlcv_data:56 - Fetched 500 1m candles for BTCUSDT
2025-03-27 16:21:50.523 | INFO     | app.utils.data_handler:fetch_ohlcv_data:56 - Fetched 500 5m candles for BTCUSDT
2025-03-27 16:21:50.846 | INFO     | app.utils.data_handler:fetch_ohlcv_data:56 - Fetched 500 15m candles for BTCUSDT
2025-03-27 16:21:51.186 | INFO     | app.utils.data_handler:fetch_ohlcv_data:56 - Fetched 500 1h candles for BTCUSDT
2025-03-27 16:21:51.354 | INFO     | app.utils.data_handler:fetch_ohlcv_data:56 - Fetched 132 4h candles for BTCUSDT
2025-03-27 16:21:51.371 | INFO     | app.strategies.strategy_selector:_analyze_market_state:110 - Market state for BTCUSDT: scalping (volatility: 0.2877, directional: 0.0083)
2025-03-27 16:22:51.593 | INFO     | __main__:run_trading_cycle:47 - Running trading cycle at 2025-03-27 16:22:51.592547
2025-03-27 16:22:51.947 | INFO     | app.utils.data_handler:fetch_ohlcv_data:56 - Fetched 500 1m candles for BTCUSDT
2025-03-27 16:22:52.358 | INFO     | app.utils.data_handler:fetch_ohlcv_data:56 - Fetched 500 5m candles for BTCUSDT
2025-03-27 16:22:52.680 | INFO     | app.utils.data_handler:fetch_ohlcv_data:56 - Fetched 500 15m candles for BTCUSDT
2025-03-27 16:22:53.215 | INFO     | app.utils.data_handler:fetch_ohlcv_data:56 - Fetched 500 1h candles for BTCUSDT
2025-03-27 16:22:53.515 | INFO     | app.utils.data_handler:fetch_ohlcv_data:56 - Fetched 132 4h candles for BTCUSDT
2025-03-27 16:22:53.530 | INFO     | app.strategies.strategy_selector:_analyze_market_state:110 - Market state for BTCUSDT: scalping (volatility: 0.2876, directional: 0.0085)
2025-03-27 16:23:53.753 | INFO     | __main__:run_trading_cycle:47 - Running trading cycle at 2025-03-27 16:23:53.753461
2025-03-27 16:23:54.302 | INFO     | app.utils.data_handler:fetch_ohlcv_data:56 - Fetched 500 1m candles for BTCUSDT
2025-03-27 16:23:54.632 | INFO     | app.utils.data_handler:fetch_ohlcv_data:56 - Fetched 500 5m candles for BTCUSDT
2025-03-27 16:23:55.030 | INFO     | app.utils.data_handler:fetch_ohlcv_data:56 - Fetched 500 15m candles for BTCUSDT
2025-03-27 16:23:55.428 | INFO     | app.utils.data_handler:fetch_ohlcv_data:56 - Fetched 500 1h candles for BTCUSDT
2025-03-27 16:23:55.591 | INFO     | app.utils.data_handler:fetch_ohlcv_data:56 - Fetched 132 4h candles for BTCUSDT
2025-03-27 16:23:55.612 | INFO     | app.strategies.strategy_selector:_analyze_market_state:110 - Market state for BTCUSDT: scalping (volatility: 0.2877, directional: 0.0083)
2025-03-27 16:24:55.826 | INFO     | __main__:run_trading_cycle:47 - Running trading cycle at 2025-03-27 16:24:55.825970
2025-03-27 16:24:56.183 | INFO     | app.utils.data_handler:fetch_ohlcv_data:56 - Fetched 500 1m candles for BTCUSDT
2025-03-27 16:24:56.702 | INFO     | app.utils.data_handler:fetch_ohlcv_data:56 - Fetched 500 5m candles for BTCUSDT
2025-03-27 16:24:56.999 | INFO     | app.utils.data_handler:fetch_ohlcv_data:56 - Fetched 500 15m candles for BTCUSDT
2025-03-27 16:24:57.372 | INFO     | app.utils.data_handler:fetch_ohlcv_data:56 - Fetched 500 1h candles for BTCUSDT
2025-03-27 16:24:57.538 | INFO     | app.utils.data_handler:fetch_ohlcv_data:56 - Fetched 132 4h candles for BTCUSDT
2025-03-27 16:24:57.556 | INFO     | app.strategies.strategy_selector:_analyze_market_state:110 - Market state for BTCUSDT: scalping (volatility: 0.2877, directional: 0.0081)
2025-03-27 16:25:57.779 | INFO     | __main__:run_trading_cycle:47 - Running trading cycle at 2025-03-27 16:25:57.778449
2025-03-27 16:25:58.173 | INFO     | app.utils.data_handler:fetch_ohlcv_data:56 - Fetched 500 1m candles for BTCUSDT
2025-03-27 16:25:58.507 | INFO     | app.utils.data_handler:fetch_ohlcv_data:56 - Fetched 500 5m candles for BTCUSDT
2025-03-27 16:25:58.878 | INFO     | app.utils.data_handler:fetch_ohlcv_data:56 - Fetched 500 15m candles for BTCUSDT
2025-03-27 16:25:59.249 | INFO     | app.utils.data_handler:fetch_ohlcv_data:56 - Fetched 500 1h candles for BTCUSDT
2025-03-27 16:25:59.402 | INFO     | app.utils.data_handler:fetch_ohlcv_data:56 - Fetched 132 4h candles for BTCUSDT
2025-03-27 16:25:59.419 | INFO     | app.strategies.strategy_selector:_analyze_market_state:110 - Market state for BTCUSDT: scalping (volatility: 0.2877, directional: 0.0085)
2025-03-27 16:26:59.635 | INFO     | __main__:run_trading_cycle:47 - Running trading cycle at 2025-03-27 16:26:59.635097
2025-03-27 16:26:59.970 | INFO     | app.utils.data_handler:fetch_ohlcv_data:56 - Fetched 500 1m candles for BTCUSDT
2025-03-27 16:27:00.378 | INFO     | app.utils.data_handler:fetch_ohlcv_data:56 - Fetched 500 5m candles for BTCUSDT
2025-03-27 16:27:00.746 | INFO     | app.utils.data_handler:fetch_ohlcv_data:56 - Fetched 500 15m candles for BTCUSDT
2025-03-27 16:27:01.121 | INFO     | app.utils.data_handler:fetch_ohlcv_data:56 - Fetched 500 1h candles for BTCUSDT
2025-03-27 16:27:01.275 | INFO     | app.utils.data_handler:fetch_ohlcv_data:56 - Fetched 132 4h candles for BTCUSDT
2025-03-27 16:27:01.293 | INFO     | app.strategies.strategy_selector:_analyze_market_state:110 - Market state for BTCUSDT: scalping (volatility: 0.2878, directional: 0.0081)
2025-03-27 16:28:01.520 | INFO     | __main__:run_trading_cycle:47 - Running trading cycle at 2025-03-27 16:28:01.520076
2025-03-27 16:28:01.975 | INFO     | app.utils.data_handler:fetch_ohlcv_data:56 - Fetched 500 1m candles for BTCUSDT
2025-03-27 16:28:02.420 | INFO     | app.utils.data_handler:fetch_ohlcv_data:56 - Fetched 500 5m candles for BTCUSDT
2025-03-27 16:28:02.728 | INFO     | app.utils.data_handler:fetch_ohlcv_data:56 - Fetched 500 15m candles for BTCUSDT
2025-03-27 16:28:03.036 | INFO     | app.utils.data_handler:fetch_ohlcv_data:56 - Fetched 500 1h candles for BTCUSDT
2025-03-27 16:28:03.187 | INFO     | app.utils.data_handler:fetch_ohlcv_data:56 - Fetched 132 4h candles for BTCUSDT
2025-03-27 16:28:03.205 | INFO     | app.strategies.strategy_selector:_analyze_market_state:110 - Market state for BTCUSDT: scalping (volatility: 0.2876, directional: 0.0086)
2025-03-27 16:29:03.436 | INFO     | __main__:run_trading_cycle:47 - Running trading cycle at 2025-03-27 16:29:03.436340
2025-03-27 16:29:03.769 | INFO     | app.utils.data_handler:fetch_ohlcv_data:56 - Fetched 500 1m candles for BTCUSDT
2025-03-27 16:29:04.152 | INFO     | app.utils.data_handler:fetch_ohlcv_data:56 - Fetched 500 5m candles for BTCUSDT
2025-03-27 16:29:04.522 | INFO     | app.utils.data_handler:fetch_ohlcv_data:56 - Fetched 500 15m candles for BTCUSDT
2025-03-27 16:29:04.889 | INFO     | app.utils.data_handler:fetch_ohlcv_data:56 - Fetched 500 1h candles for BTCUSDT
2025-03-27 16:29:05.038 | INFO     | app.utils.data_handler:fetch_ohlcv_data:56 - Fetched 132 4h candles for BTCUSDT
2025-03-27 16:29:05.055 | INFO     | app.strategies.strategy_selector:_analyze_market_state:110 - Market state for BTCUSDT: scalping (volatility: 0.2877, directional: 0.0084)
2025-03-27 16:30:05.283 | INFO     | __main__:run_trading_cycle:47 - Running trading cycle at 2025-03-27 16:30:05.282712
2025-03-27 16:30:05.676 | INFO     | app.utils.data_handler:fetch_ohlcv_data:56 - Fetched 500 1m candles for BTCUSDT
2025-03-27 16:30:05.985 | INFO     | app.utils.data_handler:fetch_ohlcv_data:56 - Fetched 500 5m candles for BTCUSDT
2025-03-27 16:30:06.450 | INFO     | app.utils.data_handler:fetch_ohlcv_data:56 - Fetched 500 15m candles for BTCUSDT
2025-03-27 16:30:06.966 | INFO     | app.utils.data_handler:fetch_ohlcv_data:56 - Fetched 500 1h candles for BTCUSDT
2025-03-27 16:30:07.130 | INFO     | app.utils.data_handler:fetch_ohlcv_data:56 - Fetched 132 4h candles for BTCUSDT
2025-03-27 16:30:07.147 | INFO     | app.strategies.strategy_selector:_analyze_market_state:110 - Market state for BTCUSDT: scalping (volatility: 0.2877, directional: 0.0084)
2025-03-27 16:31:07.367 | INFO     | __main__:run_trading_cycle:47 - Running trading cycle at 2025-03-27 16:31:07.367212
2025-03-27 16:31:07.733 | INFO     | app.utils.data_handler:fetch_ohlcv_data:56 - Fetched 500 1m candles for BTCUSDT
2025-03-27 16:31:08.247 | INFO     | app.utils.data_handler:fetch_ohlcv_data:56 - Fetched 500 5m candles for BTCUSDT
2025-03-27 16:31:08.543 | INFO     | app.utils.data_handler:fetch_ohlcv_data:56 - Fetched 500 15m candles for BTCUSDT
2025-03-27 16:31:08.923 | INFO     | app.utils.data_handler:fetch_ohlcv_data:56 - Fetched 500 1h candles for BTCUSDT
2025-03-27 16:31:09.076 | INFO     | app.utils.data_handler:fetch_ohlcv_data:56 - Fetched 132 4h candles for BTCUSDT
2025-03-27 16:31:09.092 | INFO     | app.strategies.strategy_selector:_analyze_market_state:110 - Market state for BTCUSDT: scalping (volatility: 0.2877, directional: 0.0084)
2025-03-27 16:32:09.315 | INFO     | __main__:run_trading_cycle:47 - Running trading cycle at 2025-03-27 16:32:09.315177
2025-03-27 16:32:10.047 | INFO     | app.utils.data_handler:fetch_ohlcv_data:56 - Fetched 500 1m candles for BTCUSDT
2025-03-27 16:32:10.559 | INFO     | app.utils.data_handler:fetch_ohlcv_data:56 - Fetched 500 5m candles for BTCUSDT
2025-03-27 16:32:11.003 | INFO     | app.utils.data_handler:fetch_ohlcv_data:56 - Fetched 500 15m candles for BTCUSDT
2025-03-27 16:32:11.744 | INFO     | app.utils.data_handler:fetch_ohlcv_data:56 - Fetched 500 1h candles for BTCUSDT
2025-03-27 16:32:11.899 | INFO     | app.utils.data_handler:fetch_ohlcv_data:56 - Fetched 132 4h candles for BTCUSDT
2025-03-27 16:32:11.918 | INFO     | app.strategies.strategy_selector:_analyze_market_state:110 - Market state for BTCUSDT: scalping (volatility: 0.2877, directional: 0.0085)
2025-03-27 16:33:12.134 | INFO     | __main__:run_trading_cycle:47 - Running trading cycle at 2025-03-27 16:33:12.134657
2025-03-27 16:33:12.447 | INFO     | app.utils.data_handler:fetch_ohlcv_data:56 - Fetched 500 1m candles for BTCUSDT
2025-03-27 16:33:12.809 | INFO     | app.utils.data_handler:fetch_ohlcv_data:56 - Fetched 500 5m candles for BTCUSDT
2025-03-27 16:33:13.246 | INFO     | app.utils.data_handler:fetch_ohlcv_data:56 - Fetched 500 15m candles for BTCUSDT
2025-03-27 16:33:13.613 | INFO     | app.utils.data_handler:fetch_ohlcv_data:56 - Fetched 500 1h candles for BTCUSDT
2025-03-27 16:33:13.766 | INFO     | app.utils.data_handler:fetch_ohlcv_data:56 - Fetched 132 4h candles for BTCUSDT
2025-03-27 16:33:13.777 | INFO     | app.strategies.strategy_selector:_analyze_market_state:110 - Market state for BTCUSDT: scalping (volatility: 0.2877, directional: 0.0085)
2025-03-27 16:34:13.997 | INFO     | __main__:run_trading_cycle:47 - Running trading cycle at 2025-03-27 16:34:13.996502
2025-03-27 16:34:14.441 | INFO     | app.utils.data_handler:fetch_ohlcv_data:56 - Fetched 500 1m candles for BTCUSDT
2025-03-27 16:34:14.831 | INFO     | app.utils.data_handler:fetch_ohlcv_data:56 - Fetched 500 5m candles for BTCUSDT
2025-03-27 16:34:15.302 | INFO     | app.utils.data_handler:fetch_ohlcv_data:56 - Fetched 500 15m candles for BTCUSDT
2025-03-27 16:34:15.702 | INFO     | app.utils.data_handler:fetch_ohlcv_data:56 - Fetched 500 1h candles for BTCUSDT
2025-03-27 16:34:16.007 | INFO     | app.utils.data_handler:fetch_ohlcv_data:56 - Fetched 132 4h candles for BTCUSDT
2025-03-27 16:34:16.022 | INFO     | app.strategies.strategy_selector:_analyze_market_state:110 - Market state for BTCUSDT: scalping (volatility: 0.2878, directional: 0.0080)
2025-03-27 16:35:16.230 | INFO     | __main__:run_trading_cycle:47 - Running trading cycle at 2025-03-27 16:35:16.229980
2025-03-27 16:35:16.666 | INFO     | app.utils.data_handler:fetch_ohlcv_data:56 - Fetched 500 1m candles for BTCUSDT
2025-03-27 16:35:16.998 | INFO     | app.utils.data_handler:fetch_ohlcv_data:56 - Fetched 500 5m candles for BTCUSDT
2025-03-27 16:35:17.394 | INFO     | app.utils.data_handler:fetch_ohlcv_data:56 - Fetched 500 15m candles for BTCUSDT
2025-03-27 16:35:17.932 | INFO     | app.utils.data_handler:fetch_ohlcv_data:56 - Fetched 500 1h candles for BTCUSDT
2025-03-27 16:35:18.230 | INFO     | app.utils.data_handler:fetch_ohlcv_data:56 - Fetched 132 4h candles for BTCUSDT
2025-03-27 16:35:18.248 | INFO     | app.strategies.strategy_selector:_analyze_market_state:110 - Market state for BTCUSDT: scalping (volatility: 0.2875, directional: 0.0089)
2025-03-27 16:36:18.469 | INFO     | __main__:run_trading_cycle:47 - Running trading cycle at 2025-03-27 16:36:18.468878
2025-03-27 16:36:18.885 | INFO     | app.utils.data_handler:fetch_ohlcv_data:56 - Fetched 500 1m candles for BTCUSDT
2025-03-27 16:36:19.218 | INFO     | app.utils.data_handler:fetch_ohlcv_data:56 - Fetched 500 5m candles for BTCUSDT
2025-03-27 16:36:19.605 | INFO     | app.utils.data_handler:fetch_ohlcv_data:56 - Fetched 500 15m candles for BTCUSDT
2025-03-27 16:36:20.006 | INFO     | app.utils.data_handler:fetch_ohlcv_data:56 - Fetched 500 1h candles for BTCUSDT
2025-03-27 16:36:20.167 | INFO     | app.utils.data_handler:fetch_ohlcv_data:56 - Fetched 132 4h candles for BTCUSDT
2025-03-27 16:36:20.186 | INFO     | app.strategies.strategy_selector:_analyze_market_state:110 - Market state for BTCUSDT: scalping (volatility: 0.2875, directional: 0.0090)
2025-03-27 16:37:20.418 | INFO     | __main__:run_trading_cycle:47 - Running trading cycle at 2025-03-27 16:37:20.417842
2025-03-27 16:37:20.844 | INFO     | app.utils.data_handler:fetch_ohlcv_data:56 - Fetched 500 1m candles for BTCUSDT
2025-03-27 16:37:21.176 | INFO     | app.utils.data_handler:fetch_ohlcv_data:56 - Fetched 500 5m candles for BTCUSDT
2025-03-27 16:37:21.576 | INFO     | app.utils.data_handler:fetch_ohlcv_data:56 - Fetched 500 15m candles for BTCUSDT
2025-03-27 16:37:21.910 | INFO     | app.utils.data_handler:fetch_ohlcv_data:56 - Fetched 500 1h candles for BTCUSDT
2025-03-27 16:37:22.076 | INFO     | app.utils.data_handler:fetch_ohlcv_data:56 - Fetched 132 4h candles for BTCUSDT
2025-03-27 16:37:22.095 | INFO     | app.strategies.strategy_selector:_analyze_market_state:110 - Market state for BTCUSDT: scalping (volatility: 0.2876, directional: 0.0088)
2025-03-27 16:38:22.323 | INFO     | __main__:run_trading_cycle:47 - Running trading cycle at 2025-03-27 16:38:22.322531
2025-03-27 16:38:22.669 | INFO     | app.utils.data_handler:fetch_ohlcv_data:56 - Fetched 500 1m candles for BTCUSDT
2025-03-27 16:38:23.020 | INFO     | app.utils.data_handler:fetch_ohlcv_data:56 - Fetched 500 5m candles for BTCUSDT
2025-03-27 16:38:23.407 | INFO     | app.utils.data_handler:fetch_ohlcv_data:56 - Fetched 500 15m candles for BTCUSDT
2025-03-27 16:38:23.742 | INFO     | app.utils.data_handler:fetch_ohlcv_data:56 - Fetched 500 1h candles for BTCUSDT
2025-03-27 16:38:23.907 | INFO     | app.utils.data_handler:fetch_ohlcv_data:56 - Fetched 132 4h candles for BTCUSDT
2025-03-27 16:38:23.926 | INFO     | app.strategies.strategy_selector:_analyze_market_state:110 - Market state for BTCUSDT: scalping (volatility: 0.2876, directional: 0.0086)
2025-03-27 16:39:24.143 | INFO     | __main__:run_trading_cycle:47 - Running trading cycle at 2025-03-27 16:39:24.143128
2025-03-27 16:39:24.574 | INFO     | app.utils.data_handler:fetch_ohlcv_data:56 - Fetched 500 1m candles for BTCUSDT
2025-03-27 16:39:24.908 | INFO     | app.utils.data_handler:fetch_ohlcv_data:56 - Fetched 500 5m candles for BTCUSDT
2025-03-27 16:39:25.234 | INFO     | app.utils.data_handler:fetch_ohlcv_data:56 - Fetched 500 15m candles for BTCUSDT
2025-03-27 16:39:25.565 | INFO     | app.utils.data_handler:fetch_ohlcv_data:56 - Fetched 500 1h candles for BTCUSDT
2025-03-27 16:39:25.727 | INFO     | app.utils.data_handler:fetch_ohlcv_data:56 - Fetched 132 4h candles for BTCUSDT
2025-03-27 16:39:25.743 | INFO     | app.strategies.strategy_selector:_analyze_market_state:110 - Market state for BTCUSDT: scalping (volatility: 0.2876, directional: 0.0085)
2025-03-27 16:40:25.968 | INFO     | __main__:run_trading_cycle:47 - Running trading cycle at 2025-03-27 16:40:25.968406
2025-03-27 16:40:26.312 | INFO     | app.utils.data_handler:fetch_ohlcv_data:56 - Fetched 500 1m candles for BTCUSDT
2025-03-27 16:40:26.705 | INFO     | app.utils.data_handler:fetch_ohlcv_data:56 - Fetched 500 5m candles for BTCUSDT
2025-03-27 16:40:27.033 | INFO     | app.utils.data_handler:fetch_ohlcv_data:56 - Fetched 500 15m candles for BTCUSDT
2025-03-27 16:40:27.438 | INFO     | app.utils.data_handler:fetch_ohlcv_data:56 - Fetched 500 1h candles for BTCUSDT
2025-03-27 16:40:27.603 | INFO     | app.utils.data_handler:fetch_ohlcv_data:56 - Fetched 132 4h candles for BTCUSDT
2025-03-27 16:40:27.616 | INFO     | app.strategies.strategy_selector:_analyze_market_state:110 - Market state for BTCUSDT: scalping (volatility: 0.2877, directional: 0.0084)
2025-03-27 16:41:27.827 | INFO     | __main__:run_trading_cycle:47 - Running trading cycle at 2025-03-27 16:41:27.827012
2025-03-27 16:41:28.250 | INFO     | app.utils.data_handler:fetch_ohlcv_data:56 - Fetched 500 1m candles for BTCUSDT
2025-03-27 16:41:28.585 | INFO     | app.utils.data_handler:fetch_ohlcv_data:56 - Fetched 500 5m candles for BTCUSDT
2025-03-27 16:41:28.987 | INFO     | app.utils.data_handler:fetch_ohlcv_data:56 - Fetched 500 15m candles for BTCUSDT
2025-03-27 16:41:29.389 | INFO     | app.utils.data_handler:fetch_ohlcv_data:56 - Fetched 500 1h candles for BTCUSDT
2025-03-27 16:41:29.671 | INFO     | app.utils.data_handler:fetch_ohlcv_data:56 - Fetched 132 4h candles for BTCUSDT
2025-03-27 16:41:29.686 | INFO     | app.strategies.strategy_selector:_analyze_market_state:110 - Market state for BTCUSDT: scalping (volatility: 0.2878, directional: 0.0079)
2025-03-27 16:42:29.911 | INFO     | __main__:run_trading_cycle:47 - Running trading cycle at 2025-03-27 16:42:29.910602
2025-03-27 16:42:30.255 | INFO     | app.utils.data_handler:fetch_ohlcv_data:56 - Fetched 500 1m candles for BTCUSDT
2025-03-27 16:42:30.656 | INFO     | app.utils.data_handler:fetch_ohlcv_data:56 - Fetched 500 5m candles for BTCUSDT
2025-03-27 16:42:30.982 | INFO     | app.utils.data_handler:fetch_ohlcv_data:56 - Fetched 500 15m candles for BTCUSDT
2025-03-27 16:42:31.382 | INFO     | app.utils.data_handler:fetch_ohlcv_data:56 - Fetched 500 1h candles for BTCUSDT
2025-03-27 16:42:31.546 | INFO     | app.utils.data_handler:fetch_ohlcv_data:56 - Fetched 132 4h candles for BTCUSDT
2025-03-27 16:42:31.564 | INFO     | app.strategies.strategy_selector:_analyze_market_state:110 - Market state for BTCUSDT: scalping (volatility: 0.2878, directional: 0.0081)
2025-03-27 16:43:31.820 | INFO     | __main__:run_trading_cycle:47 - Running trading cycle at 2025-03-27 16:43:31.819560
2025-03-27 16:43:32.261 | INFO     | app.utils.data_handler:fetch_ohlcv_data:56 - Fetched 500 1m candles for BTCUSDT
2025-03-27 16:43:32.725 | INFO     | app.utils.data_handler:fetch_ohlcv_data:56 - Fetched 500 5m candles for BTCUSDT
2025-03-27 16:43:33.262 | INFO     | app.utils.data_handler:fetch_ohlcv_data:56 - Fetched 500 15m candles for BTCUSDT
2025-03-27 16:43:33.666 | INFO     | app.utils.data_handler:fetch_ohlcv_data:56 - Fetched 500 1h candles for BTCUSDT
2025-03-27 16:43:33.830 | INFO     | app.utils.data_handler:fetch_ohlcv_data:56 - Fetched 132 4h candles for BTCUSDT
2025-03-27 16:43:33.848 | INFO     | app.strategies.strategy_selector:_analyze_market_state:110 - Market state for BTCUSDT: scalping (volatility: 0.2878, directional: 0.0081)
2025-03-27 16:44:34.067 | INFO     | __main__:run_trading_cycle:47 - Running trading cycle at 2025-03-27 16:44:34.067208
2025-03-27 16:44:34.489 | INFO     | app.utils.data_handler:fetch_ohlcv_data:56 - Fetched 500 1m candles for BTCUSDT
2025-03-27 16:44:34.822 | INFO     | app.utils.data_handler:fetch_ohlcv_data:56 - Fetched 500 5m candles for BTCUSDT
2025-03-27 16:44:35.142 | INFO     | app.utils.data_handler:fetch_ohlcv_data:56 - Fetched 500 15m candles for BTCUSDT
2025-03-27 16:44:35.555 | INFO     | app.utils.data_handler:fetch_ohlcv_data:56 - Fetched 500 1h candles for BTCUSDT
2025-03-27 16:44:35.717 | INFO     | app.utils.data_handler:fetch_ohlcv_data:56 - Fetched 132 4h candles for BTCUSDT
2025-03-27 16:44:35.733 | INFO     | app.strategies.strategy_selector:_analyze_market_state:110 - Market state for BTCUSDT: scalping (volatility: 0.2877, directional: 0.0084)
2025-03-27 16:45:35.966 | INFO     | __main__:run_trading_cycle:47 - Running trading cycle at 2025-03-27 16:45:35.966046
2025-03-27 16:45:36.365 | INFO     | app.utils.data_handler:fetch_ohlcv_data:56 - Fetched 500 1m candles for BTCUSDT
2025-03-27 16:45:36.685 | INFO     | app.utils.data_handler:fetch_ohlcv_data:56 - Fetched 500 5m candles for BTCUSDT
2025-03-27 16:45:36.987 | INFO     | app.utils.data_handler:fetch_ohlcv_data:56 - Fetched 500 15m candles for BTCUSDT
2025-03-27 16:45:37.292 | INFO     | app.utils.data_handler:fetch_ohlcv_data:56 - Fetched 500 1h candles for BTCUSDT
2025-03-27 16:45:37.441 | INFO     | app.utils.data_handler:fetch_ohlcv_data:56 - Fetched 132 4h candles for BTCUSDT
2025-03-27 16:45:37.448 | INFO     | app.strategies.strategy_selector:_analyze_market_state:110 - Market state for BTCUSDT: scalping (volatility: 0.2877, directional: 0.0083)
2025-03-27 16:46:37.676 | INFO     | __main__:run_trading_cycle:47 - Running trading cycle at 2025-03-27 16:46:37.676376
2025-03-27 16:46:38.049 | INFO     | app.utils.data_handler:fetch_ohlcv_data:56 - Fetched 500 1m candles for BTCUSDT
2025-03-27 16:46:38.593 | INFO     | app.utils.data_handler:fetch_ohlcv_data:56 - Fetched 500 5m candles for BTCUSDT
2025-03-27 16:46:38.895 | INFO     | app.utils.data_handler:fetch_ohlcv_data:56 - Fetched 500 15m candles for BTCUSDT
2025-03-27 16:46:39.278 | INFO     | app.utils.data_handler:fetch_ohlcv_data:56 - Fetched 500 1h candles for BTCUSDT
2025-03-27 16:46:39.421 | INFO     | app.utils.data_handler:fetch_ohlcv_data:56 - Fetched 132 4h candles for BTCUSDT
2025-03-27 16:46:39.429 | INFO     | app.strategies.strategy_selector:_analyze_market_state:110 - Market state for BTCUSDT: scalping (volatility: 0.2876, directional: 0.0085)
2025-03-27 16:47:39.669 | INFO     | __main__:run_trading_cycle:47 - Running trading cycle at 2025-03-27 16:47:39.669134
2025-03-27 16:47:40.057 | INFO     | app.utils.data_handler:fetch_ohlcv_data:56 - Fetched 500 1m candles for BTCUSDT
2025-03-27 16:47:40.425 | INFO     | app.utils.data_handler:fetch_ohlcv_data:56 - Fetched 500 5m candles for BTCUSDT
2025-03-27 16:47:40.726 | INFO     | app.utils.data_handler:fetch_ohlcv_data:56 - Fetched 500 15m candles for BTCUSDT
2025-03-27 16:47:41.093 | INFO     | app.utils.data_handler:fetch_ohlcv_data:56 - Fetched 500 1h candles for BTCUSDT
2025-03-27 16:47:41.247 | INFO     | app.utils.data_handler:fetch_ohlcv_data:56 - Fetched 132 4h candles for BTCUSDT
2025-03-27 16:47:41.262 | INFO     | app.strategies.strategy_selector:_analyze_market_state:110 - Market state for BTCUSDT: scalping (volatility: 0.2876, directional: 0.0085)
2025-03-27 16:48:41.482 | INFO     | __main__:run_trading_cycle:47 - Running trading cycle at 2025-03-27 16:48:41.482774
2025-03-27 16:48:41.795 | INFO     | app.utils.data_handler:fetch_ohlcv_data:56 - Fetched 500 1m candles for BTCUSDT
2025-03-27 16:48:42.316 | INFO     | app.utils.data_handler:fetch_ohlcv_data:56 - Fetched 500 5m candles for BTCUSDT
2025-03-27 16:48:42.778 | INFO     | app.utils.data_handler:fetch_ohlcv_data:56 - Fetched 500 15m candles for BTCUSDT
2025-03-27 16:48:43.095 | INFO     | app.utils.data_handler:fetch_ohlcv_data:56 - Fetched 500 1h candles for BTCUSDT
2025-03-27 16:48:43.245 | INFO     | app.utils.data_handler:fetch_ohlcv_data:56 - Fetched 132 4h candles for BTCUSDT
2025-03-27 16:48:43.259 | INFO     | app.strategies.strategy_selector:_analyze_market_state:110 - Market state for BTCUSDT: scalping (volatility: 0.2876, directional: 0.0085)
2025-03-27 16:49:43.480 | INFO     | __main__:run_trading_cycle:47 - Running trading cycle at 2025-03-27 16:49:43.479306
2025-03-27 16:49:44.692 | INFO     | app.utils.data_handler:fetch_ohlcv_data:56 - Fetched 500 1m candles for BTCUSDT
2025-03-27 16:49:45.151 | INFO     | app.utils.data_handler:fetch_ohlcv_data:56 - Fetched 500 5m candles for BTCUSDT
2025-03-27 16:49:45.581 | INFO     | app.utils.data_handler:fetch_ohlcv_data:56 - Fetched 500 15m candles for BTCUSDT
2025-03-27 16:49:46.122 | INFO     | app.utils.data_handler:fetch_ohlcv_data:56 - Fetched 500 1h candles for BTCUSDT
2025-03-27 16:49:46.286 | INFO     | app.utils.data_handler:fetch_ohlcv_data:56 - Fetched 132 4h candles for BTCUSDT
2025-03-27 16:49:46.302 | INFO     | app.strategies.strategy_selector:_analyze_market_state:110 - Market state for BTCUSDT: scalping (volatility: 0.2877, directional: 0.0085)
2025-03-27 16:50:46.529 | INFO     | __main__:run_trading_cycle:47 - Running trading cycle at 2025-03-27 16:50:46.529067
2025-03-27 16:50:46.879 | INFO     | app.utils.data_handler:fetch_ohlcv_data:56 - Fetched 500 1m candles for BTCUSDT
2025-03-27 16:50:47.271 | INFO     | app.utils.data_handler:fetch_ohlcv_data:56 - Fetched 500 5m candles for BTCUSDT
2025-03-27 16:50:47.875 | INFO     | app.utils.data_handler:fetch_ohlcv_data:56 - Fetched 500 15m candles for BTCUSDT
2025-03-27 16:50:48.229 | INFO     | app.utils.data_handler:fetch_ohlcv_data:56 - Fetched 500 1h candles for BTCUSDT
2025-03-27 16:50:48.407 | INFO     | app.utils.data_handler:fetch_ohlcv_data:56 - Fetched 132 4h candles for BTCUSDT
2025-03-27 16:50:48.424 | INFO     | app.strategies.strategy_selector:_analyze_market_state:110 - Market state for BTCUSDT: scalping (volatility: 0.2877, directional: 0.0084)
2025-03-27 16:51:48.646 | INFO     | __main__:run_trading_cycle:47 - Running trading cycle at 2025-03-27 16:51:48.645392
2025-03-27 16:51:49.086 | INFO     | app.utils.data_handler:fetch_ohlcv_data:56 - Fetched 500 1m candles for BTCUSDT
2025-03-27 16:51:49.449 | INFO     | app.utils.data_handler:fetch_ohlcv_data:56 - Fetched 500 5m candles for BTCUSDT
2025-03-27 16:51:49.847 | INFO     | app.utils.data_handler:fetch_ohlcv_data:56 - Fetched 500 15m candles for BTCUSDT
2025-03-27 16:51:50.394 | INFO     | app.utils.data_handler:fetch_ohlcv_data:56 - Fetched 500 1h candles for BTCUSDT
2025-03-27 16:51:50.564 | INFO     | app.utils.data_handler:fetch_ohlcv_data:56 - Fetched 132 4h candles for BTCUSDT
2025-03-27 16:51:50.577 | INFO     | app.strategies.strategy_selector:_analyze_market_state:110 - Market state for BTCUSDT: scalping (volatility: 0.2876, directional: 0.0085)
2025-03-27 16:52:50.790 | INFO     | __main__:run_trading_cycle:47 - Running trading cycle at 2025-03-27 16:52:50.790193
2025-03-27 16:52:51.240 | INFO     | app.utils.data_handler:fetch_ohlcv_data:56 - Fetched 500 1m candles for BTCUSDT
2025-03-27 16:52:51.760 | INFO     | app.utils.data_handler:fetch_ohlcv_data:56 - Fetched 500 5m candles for BTCUSDT
2025-03-27 16:52:52.092 | INFO     | app.utils.data_handler:fetch_ohlcv_data:56 - Fetched 500 15m candles for BTCUSDT
2025-03-27 16:52:52.564 | INFO     | app.utils.data_handler:fetch_ohlcv_data:56 - Fetched 500 1h candles for BTCUSDT
2025-03-27 16:52:52.864 | INFO     | app.utils.data_handler:fetch_ohlcv_data:56 - Fetched 132 4h candles for BTCUSDT
2025-03-27 16:52:52.879 | INFO     | app.strategies.strategy_selector:_analyze_market_state:110 - Market state for BTCUSDT: scalping (volatility: 0.2876, directional: 0.0086)
2025-03-27 16:53:53.095 | INFO     | __main__:run_trading_cycle:47 - Running trading cycle at 2025-03-27 16:53:53.095825
2025-03-27 16:53:53.586 | INFO     | app.utils.data_handler:fetch_ohlcv_data:56 - Fetched 500 1m candles for BTCUSDT
2025-03-27 16:53:53.924 | INFO     | app.utils.data_handler:fetch_ohlcv_data:56 - Fetched 500 5m candles for BTCUSDT
2025-03-27 16:53:54.309 | INFO     | app.utils.data_handler:fetch_ohlcv_data:56 - Fetched 500 15m candles for BTCUSDT
2025-03-27 16:53:54.700 | INFO     | app.utils.data_handler:fetch_ohlcv_data:56 - Fetched 500 1h candles for BTCUSDT
2025-03-27 16:53:54.866 | INFO     | app.utils.data_handler:fetch_ohlcv_data:56 - Fetched 132 4h candles for BTCUSDT
2025-03-27 16:53:54.884 | INFO     | app.strategies.strategy_selector:_analyze_market_state:110 - Market state for BTCUSDT: scalping (volatility: 0.2876, directional: 0.0087)
2025-03-27 16:54:55.101 | INFO     | __main__:run_trading_cycle:47 - Running trading cycle at 2025-03-27 16:54:55.100991
2025-03-27 16:54:55.474 | INFO     | app.utils.data_handler:fetch_ohlcv_data:56 - Fetched 500 1m candles for BTCUSDT
2025-03-27 16:54:55.878 | INFO     | app.utils.data_handler:fetch_ohlcv_data:56 - Fetched 500 5m candles for BTCUSDT
2025-03-27 16:54:56.277 | INFO     | app.utils.data_handler:fetch_ohlcv_data:56 - Fetched 500 15m candles for BTCUSDT
2025-03-27 16:54:56.610 | INFO     | app.utils.data_handler:fetch_ohlcv_data:56 - Fetched 500 1h candles for BTCUSDT
2025-03-27 16:54:56.772 | INFO     | app.utils.data_handler:fetch_ohlcv_data:56 - Fetched 132 4h candles for BTCUSDT
2025-03-27 16:54:56.790 | INFO     | app.strategies.strategy_selector:_analyze_market_state:110 - Market state for BTCUSDT: scalping (volatility: 0.2876, directional: 0.0087)
2025-03-27 16:55:57.017 | INFO     | __main__:run_trading_cycle:47 - Running trading cycle at 2025-03-27 16:55:57.016381
2025-03-27 16:55:57.480 | INFO     | app.utils.data_handler:fetch_ohlcv_data:56 - Fetched 500 1m candles for BTCUSDT
2025-03-27 16:55:57.816 | INFO     | app.utils.data_handler:fetch_ohlcv_data:56 - Fetched 500 5m candles for BTCUSDT
2025-03-27 16:55:58.143 | INFO     | app.utils.data_handler:fetch_ohlcv_data:56 - Fetched 500 15m candles for BTCUSDT
2025-03-27 16:55:58.539 | INFO     | app.utils.data_handler:fetch_ohlcv_data:56 - Fetched 500 1h candles for BTCUSDT
2025-03-27 16:55:58.707 | INFO     | app.utils.data_handler:fetch_ohlcv_data:56 - Fetched 132 4h candles for BTCUSDT
2025-03-27 16:55:58.725 | INFO     | app.strategies.strategy_selector:_analyze_market_state:110 - Market state for BTCUSDT: scalping (volatility: 0.2875, directional: 0.0089)
2025-03-27 16:56:58.942 | INFO     | __main__:run_trading_cycle:47 - Running trading cycle at 2025-03-27 16:56:58.941414
2025-03-27 16:56:59.298 | INFO     | app.utils.data_handler:fetch_ohlcv_data:56 - Fetched 500 1m candles for BTCUSDT
2025-03-27 16:56:59.701 | INFO     | app.utils.data_handler:fetch_ohlcv_data:56 - Fetched 500 5m candles for BTCUSDT
2025-03-27 16:57:00.039 | INFO     | app.utils.data_handler:fetch_ohlcv_data:56 - Fetched 500 15m candles for BTCUSDT
2025-03-27 16:57:00.436 | INFO     | app.utils.data_handler:fetch_ohlcv_data:56 - Fetched 500 1h candles for BTCUSDT
2025-03-27 16:57:00.608 | INFO     | app.utils.data_handler:fetch_ohlcv_data:56 - Fetched 132 4h candles for BTCUSDT
2025-03-27 16:57:00.627 | INFO     | app.strategies.strategy_selector:_analyze_market_state:110 - Market state for BTCUSDT: scalping (volatility: 0.2876, directional: 0.0088)
2025-03-27 16:58:00.843 | INFO     | __main__:run_trading_cycle:47 - Running trading cycle at 2025-03-27 16:58:00.843416
2025-03-27 16:58:01.276 | INFO     | app.utils.data_handler:fetch_ohlcv_data:56 - Fetched 500 1m candles for BTCUSDT
2025-03-27 16:58:01.616 | INFO     | app.utils.data_handler:fetch_ohlcv_data:56 - Fetched 500 5m candles for BTCUSDT
2025-03-27 16:58:02.026 | INFO     | app.utils.data_handler:fetch_ohlcv_data:56 - Fetched 500 15m candles for BTCUSDT
2025-03-27 16:58:02.432 | INFO     | app.utils.data_handler:fetch_ohlcv_data:56 - Fetched 500 1h candles for BTCUSDT
2025-03-27 16:58:02.599 | INFO     | app.utils.data_handler:fetch_ohlcv_data:56 - Fetched 132 4h candles for BTCUSDT
2025-03-27 16:58:02.618 | INFO     | app.strategies.strategy_selector:_analyze_market_state:110 - Market state for BTCUSDT: scalping (volatility: 0.2877, directional: 0.0085)
2025-03-27 16:59:02.835 | INFO     | __main__:run_trading_cycle:47 - Running trading cycle at 2025-03-27 16:59:02.835746
2025-03-27 16:59:03.354 | INFO     | app.utils.data_handler:fetch_ohlcv_data:56 - Fetched 500 1m candles for BTCUSDT
2025-03-27 16:59:03.710 | INFO     | app.utils.data_handler:fetch_ohlcv_data:56 - Fetched 500 5m candles for BTCUSDT
2025-03-27 16:59:04.109 | INFO     | app.utils.data_handler:fetch_ohlcv_data:56 - Fetched 500 15m candles for BTCUSDT
2025-03-27 16:59:04.541 | INFO     | app.utils.data_handler:fetch_ohlcv_data:56 - Fetched 500 1h candles for BTCUSDT
2025-03-27 16:59:04.712 | INFO     | app.utils.data_handler:fetch_ohlcv_data:56 - Fetched 132 4h candles for BTCUSDT
2025-03-27 16:59:04.731 | INFO     | app.strategies.strategy_selector:_analyze_market_state:110 - Market state for BTCUSDT: scalping (volatility: 0.2877, directional: 0.0084)
2025-03-27 17:00:04.952 | INFO     | __main__:run_trading_cycle:47 - Running trading cycle at 2025-03-27 17:00:04.952472
2025-03-27 17:00:05.419 | INFO     | app.utils.data_handler:fetch_ohlcv_data:56 - Fetched 500 1m candles for BTCUSDT
2025-03-27 17:00:05.725 | INFO     | app.utils.data_handler:fetch_ohlcv_data:56 - Fetched 500 5m candles for BTCUSDT
2025-03-27 17:00:06.028 | INFO     | app.utils.data_handler:fetch_ohlcv_data:56 - Fetched 500 15m candles for BTCUSDT
2025-03-27 17:00:06.406 | INFO     | app.utils.data_handler:fetch_ohlcv_data:56 - Fetched 500 1h candles for BTCUSDT
2025-03-27 17:00:06.557 | INFO     | app.utils.data_handler:fetch_ohlcv_data:56 - Fetched 132 4h candles for BTCUSDT
2025-03-27 17:00:06.570 | INFO     | app.strategies.strategy_selector:_analyze_market_state:110 - Market state for BTCUSDT: scalping (volatility: 0.2879, directional: 0.0076)
2025-03-27 17:01:06.777 | INFO     | __main__:run_trading_cycle:47 - Running trading cycle at 2025-03-27 17:01:06.777107
2025-03-27 17:01:07.173 | INFO     | app.utils.data_handler:fetch_ohlcv_data:56 - Fetched 500 1m candles for BTCUSDT
2025-03-27 17:01:07.483 | INFO     | app.utils.data_handler:fetch_ohlcv_data:56 - Fetched 500 5m candles for BTCUSDT
2025-03-27 17:01:08.364 | INFO     | app.utils.data_handler:fetch_ohlcv_data:56 - Fetched 500 15m candles for BTCUSDT
2025-03-27 17:01:08.948 | INFO     | app.utils.data_handler:fetch_ohlcv_data:56 - Fetched 500 1h candles for BTCUSDT
2025-03-27 17:01:09.302 | INFO     | app.utils.data_handler:fetch_ohlcv_data:56 - Fetched 132 4h candles for BTCUSDT
2025-03-27 17:01:09.315 | INFO     | app.strategies.strategy_selector:_analyze_market_state:110 - Market state for BTCUSDT: scalping (volatility: 0.3212, directional: 0.0079)
2025-03-27 17:02:09.528 | INFO     | __main__:run_trading_cycle:47 - Running trading cycle at 2025-03-27 17:02:09.528205
2025-03-27 17:02:10.008 | INFO     | app.utils.data_handler:fetch_ohlcv_data:56 - Fetched 500 1m candles for BTCUSDT
2025-03-27 17:02:10.381 | INFO     | app.utils.data_handler:fetch_ohlcv_data:56 - Fetched 500 5m candles for BTCUSDT
2025-03-27 17:02:10.793 | INFO     | app.utils.data_handler:fetch_ohlcv_data:56 - Fetched 500 15m candles for BTCUSDT
2025-03-27 17:02:11.166 | INFO     | app.utils.data_handler:fetch_ohlcv_data:56 - Fetched 500 1h candles for BTCUSDT
2025-03-27 17:02:11.436 | INFO     | app.utils.data_handler:fetch_ohlcv_data:56 - Fetched 132 4h candles for BTCUSDT
2025-03-27 17:02:11.449 | INFO     | app.strategies.strategy_selector:_analyze_market_state:110 - Market state for BTCUSDT: scalping (volatility: 0.3211, directional: 0.0083)
2025-03-27 17:03:11.679 | INFO     | __main__:run_trading_cycle:47 - Running trading cycle at 2025-03-27 17:03:11.678967
2025-03-27 17:03:12.061 | INFO     | app.utils.data_handler:fetch_ohlcv_data:56 - Fetched 500 1m candles for BTCUSDT
2025-03-27 17:03:12.448 | INFO     | app.utils.data_handler:fetch_ohlcv_data:56 - Fetched 500 5m candles for BTCUSDT
2025-03-27 17:03:12.829 | INFO     | app.utils.data_handler:fetch_ohlcv_data:56 - Fetched 500 15m candles for BTCUSDT
2025-03-27 17:03:13.220 | INFO     | app.utils.data_handler:fetch_ohlcv_data:56 - Fetched 500 1h candles for BTCUSDT
2025-03-27 17:03:13.399 | INFO     | app.utils.data_handler:fetch_ohlcv_data:56 - Fetched 132 4h candles for BTCUSDT
2025-03-27 17:03:13.413 | INFO     | app.strategies.strategy_selector:_analyze_market_state:110 - Market state for BTCUSDT: scalping (volatility: 0.3214, directional: 0.0076)
2025-03-27 17:04:13.649 | INFO     | __main__:run_trading_cycle:47 - Running trading cycle at 2025-03-27 17:04:13.648606
2025-03-27 17:04:14.168 | INFO     | app.utils.data_handler:fetch_ohlcv_data:56 - Fetched 500 1m candles for BTCUSDT
2025-03-27 17:04:14.713 | INFO     | app.utils.data_handler:fetch_ohlcv_data:56 - Fetched 500 5m candles for BTCUSDT
2025-03-27 17:04:15.117 | INFO     | app.utils.data_handler:fetch_ohlcv_data:56 - Fetched 500 15m candles for BTCUSDT
2025-03-27 17:04:15.522 | INFO     | app.utils.data_handler:fetch_ohlcv_data:56 - Fetched 500 1h candles for BTCUSDT
2025-03-27 17:04:15.694 | INFO     | app.utils.data_handler:fetch_ohlcv_data:56 - Fetched 132 4h candles for BTCUSDT
2025-03-27 17:04:15.710 | INFO     | app.strategies.strategy_selector:_analyze_market_state:110 - Market state for BTCUSDT: scalping (volatility: 0.3210, directional: 0.0091)
2025-03-27 17:05:15.959 | INFO     | __main__:run_trading_cycle:47 - Running trading cycle at 2025-03-27 17:05:15.958952
2025-03-27 17:05:16.519 | INFO     | app.utils.data_handler:fetch_ohlcv_data:56 - Fetched 500 1m candles for BTCUSDT
2025-03-27 17:05:17.080 | INFO     | app.utils.data_handler:fetch_ohlcv_data:56 - Fetched 500 5m candles for BTCUSDT
2025-03-27 17:05:17.485 | INFO     | app.utils.data_handler:fetch_ohlcv_data:56 - Fetched 500 15m candles for BTCUSDT
2025-03-27 17:05:18.026 | INFO     | app.utils.data_handler:fetch_ohlcv_data:56 - Fetched 500 1h candles for BTCUSDT
2025-03-27 17:05:18.204 | INFO     | app.utils.data_handler:fetch_ohlcv_data:56 - Fetched 132 4h candles for BTCUSDT
2025-03-27 17:05:18.221 | INFO     | app.strategies.strategy_selector:_analyze_market_state:110 - Market state for BTCUSDT: scalping (volatility: 0.3209, directional: 0.0093)
2025-03-27 17:06:18.499 | INFO     | __main__:run_trading_cycle:47 - Running trading cycle at 2025-03-27 17:06:18.499301
2025-03-27 17:06:18.858 | INFO     | app.utils.data_handler:fetch_ohlcv_data:56 - Fetched 500 1m candles for BTCUSDT
2025-03-27 17:06:19.541 | INFO     | app.utils.data_handler:fetch_ohlcv_data:56 - Fetched 500 5m candles for BTCUSDT
2025-03-27 17:06:20.046 | INFO     | app.utils.data_handler:fetch_ohlcv_data:56 - Fetched 500 15m candles for BTCUSDT
2025-03-27 17:06:20.452 | INFO     | app.utils.data_handler:fetch_ohlcv_data:56 - Fetched 500 1h candles for BTCUSDT
2025-03-27 17:06:20.618 | INFO     | app.utils.data_handler:fetch_ohlcv_data:56 - Fetched 132 4h candles for BTCUSDT
2025-03-27 17:06:20.637 | INFO     | app.strategies.strategy_selector:_analyze_market_state:110 - Market state for BTCUSDT: scalping (volatility: 0.3213, directional: 0.0081)
2025-03-27 17:22:07.887 | INFO     | __main__:run_trading_cycle:47 - Running trading cycle at 2025-03-27 17:22:07.887790
2025-03-27 17:22:18.675 | ERROR    | app.utils.data_handler:fetch_ohlcv_data:60 - Error fetching OHLCV data for BTCUSDT 1m: HTTPSConnectionPool(host='testnet.binance.vision', port=443): Read timed out. (read timeout=10)
2025-03-27 17:22:19.460 | INFO     | app.utils.data_handler:fetch_ohlcv_data:56 - Fetched 500 5m candles for BTCUSDT
2025-03-27 17:22:19.813 | INFO     | app.utils.data_handler:fetch_ohlcv_data:56 - Fetched 500 15m candles for BTCUSDT
2025-03-27 17:22:20.401 | INFO     | app.utils.data_handler:fetch_ohlcv_data:56 - Fetched 500 1h candles for BTCUSDT
2025-03-27 17:22:20.505 | INFO     | app.utils.data_handler:fetch_ohlcv_data:56 - Fetched 132 4h candles for BTCUSDT
2025-03-27 17:22:20.522 | INFO     | app.strategies.strategy_selector:_analyze_market_state:110 - Market state for BTCUSDT: scalping (volatility: 0.3233, directional: 0.0086)
2025-03-27 17:38:25.643 | INFO     | __main__:run_trading_cycle:47 - Running trading cycle at 2025-03-27 17:38:25.643466
2025-03-27 17:38:35.775 | ERROR    | app.utils.data_handler:fetch_ohlcv_data:60 - Error fetching OHLCV data for BTCUSDT 1m: HTTPSConnectionPool(host='testnet.binance.vision', port=443): Read timed out. (read timeout=10)
2025-03-27 17:38:36.645 | INFO     | app.utils.data_handler:fetch_ohlcv_data:56 - Fetched 500 5m candles for BTCUSDT
2025-03-27 17:38:37.254 | INFO     | app.utils.data_handler:fetch_ohlcv_data:56 - Fetched 500 15m candles for BTCUSDT
2025-03-27 17:38:37.696 | INFO     | app.utils.data_handler:fetch_ohlcv_data:56 - Fetched 500 1h candles for BTCUSDT
2025-03-27 17:38:37.955 | INFO     | app.utils.data_handler:fetch_ohlcv_data:56 - Fetched 132 4h candles for BTCUSDT
2025-03-27 17:38:37.971 | INFO     | app.strategies.strategy_selector:_analyze_market_state:110 - Market state for BTCUSDT: scalping (volatility: 0.3233, directional: 0.0088)
2025-03-27 17:39:39.996 | INFO     | __main__:run_trading_cycle:47 - Running trading cycle at 2025-03-27 17:39:39.996025
2025-03-27 17:39:40.641 | INFO     | app.utils.data_handler:fetch_ohlcv_data:56 - Fetched 500 1m candles for BTCUSDT
2025-03-27 17:39:41.187 | INFO     | app.utils.data_handler:fetch_ohlcv_data:56 - Fetched 500 5m candles for BTCUSDT
2025-03-27 17:39:41.546 | INFO     | app.utils.data_handler:fetch_ohlcv_data:56 - Fetched 500 15m candles for BTCUSDT
2025-03-27 17:39:42.129 | INFO     | app.utils.data_handler:fetch_ohlcv_data:56 - Fetched 500 1h candles for BTCUSDT
2025-03-27 17:39:42.231 | INFO     | app.utils.data_handler:fetch_ohlcv_data:56 - Fetched 132 4h candles for BTCUSDT
2025-03-27 17:39:42.247 | INFO     | app.strategies.strategy_selector:_analyze_market_state:110 - Market state for BTCUSDT: scalping (volatility: 0.3233, directional: 0.0088)
2025-03-27 17:55:14.271 | INFO     | __main__:run_trading_cycle:47 - Running trading cycle at 2025-03-27 17:55:14.271592
2025-03-27 17:55:24.694 | ERROR    | app.utils.data_handler:fetch_ohlcv_data:60 - Error fetching OHLCV data for BTCUSDT 1m: HTTPSConnectionPool(host='testnet.binance.vision', port=443): Read timed out. (read timeout=10)
2025-03-27 17:55:26.990 | INFO     | app.utils.data_handler:fetch_ohlcv_data:56 - Fetched 500 5m candles for BTCUSDT
2025-03-27 17:55:27.496 | INFO     | app.utils.data_handler:fetch_ohlcv_data:56 - Fetched 500 15m candles for BTCUSDT
2025-03-27 17:55:27.799 | INFO     | app.utils.data_handler:fetch_ohlcv_data:56 - Fetched 500 1h candles for BTCUSDT
2025-03-27 17:55:27.940 | INFO     | app.utils.data_handler:fetch_ohlcv_data:56 - Fetched 132 4h candles for BTCUSDT
2025-03-27 17:55:27.959 | INFO     | app.strategies.strategy_selector:_analyze_market_state:110 - Market state for BTCUSDT: scalping (volatility: 0.3246, directional: 0.0050)
2025-03-27 17:56:28.140 | INFO     | __main__:run_trading_cycle:47 - Running trading cycle at 2025-03-27 17:56:28.139917
2025-03-27 17:56:28.457 | INFO     | app.utils.data_handler:fetch_ohlcv_data:56 - Fetched 500 1m candles for BTCUSDT
2025-03-27 17:56:28.827 | INFO     | app.utils.data_handler:fetch_ohlcv_data:56 - Fetched 500 5m candles for BTCUSDT
2025-03-27 17:56:29.179 | INFO     | app.utils.data_handler:fetch_ohlcv_data:56 - Fetched 500 15m candles for BTCUSDT
2025-03-27 17:56:29.543 | INFO     | app.utils.data_handler:fetch_ohlcv_data:56 - Fetched 500 1h candles for BTCUSDT
2025-03-27 17:56:29.687 | INFO     | app.utils.data_handler:fetch_ohlcv_data:56 - Fetched 132 4h candles for BTCUSDT
2025-03-27 17:56:29.706 | INFO     | app.strategies.strategy_selector:_analyze_market_state:110 - Market state for BTCUSDT: scalping (volatility: 0.3245, directional: 0.0053)
2025-03-27 17:57:29.924 | INFO     | __main__:run_trading_cycle:47 - Running trading cycle at 2025-03-27 17:57:29.923906
2025-03-27 17:57:30.294 | INFO     | app.utils.data_handler:fetch_ohlcv_data:56 - Fetched 500 1m candles for BTCUSDT
2025-03-27 17:57:30.651 | INFO     | app.utils.data_handler:fetch_ohlcv_data:56 - Fetched 500 5m candles for BTCUSDT
2025-03-27 17:57:31.142 | INFO     | app.utils.data_handler:fetch_ohlcv_data:56 - Fetched 500 15m candles for BTCUSDT
2025-03-27 17:57:31.445 | INFO     | app.utils.data_handler:fetch_ohlcv_data:56 - Fetched 500 1h candles for BTCUSDT
2025-03-27 17:57:31.592 | INFO     | app.utils.data_handler:fetch_ohlcv_data:56 - Fetched 132 4h candles for BTCUSDT
2025-03-27 17:57:31.609 | INFO     | app.strategies.strategy_selector:_analyze_market_state:110 - Market state for BTCUSDT: scalping (volatility: 0.3244, directional: 0.0056)
2025-03-27 17:58:31.833 | INFO     | __main__:run_trading_cycle:47 - Running trading cycle at 2025-03-27 17:58:31.833415
2025-03-27 17:58:32.124 | INFO     | app.utils.data_handler:fetch_ohlcv_data:56 - Fetched 500 1m candles for BTCUSDT
2025-03-27 17:58:32.477 | INFO     | app.utils.data_handler:fetch_ohlcv_data:56 - Fetched 500 5m candles for BTCUSDT
2025-03-27 17:58:32.764 | INFO     | app.utils.data_handler:fetch_ohlcv_data:56 - Fetched 500 15m candles for BTCUSDT
2025-03-27 17:58:33.247 | INFO     | app.utils.data_handler:fetch_ohlcv_data:56 - Fetched 500 1h candles for BTCUSDT
2025-03-27 17:58:33.523 | INFO     | app.utils.data_handler:fetch_ohlcv_data:56 - Fetched 132 4h candles for BTCUSDT
2025-03-27 17:58:33.533 | INFO     | app.strategies.strategy_selector:_analyze_market_state:110 - Market state for BTCUSDT: scalping (volatility: 0.3244, directional: 0.0055)
2025-03-27 17:59:33.760 | INFO     | __main__:run_trading_cycle:47 - Running trading cycle at 2025-03-27 17:59:33.760535
2025-03-27 17:59:34.121 | INFO     | app.utils.data_handler:fetch_ohlcv_data:56 - Fetched 500 1m candles for BTCUSDT
2025-03-27 17:59:34.416 | INFO     | app.utils.data_handler:fetch_ohlcv_data:56 - Fetched 500 5m candles for BTCUSDT
2025-03-27 17:59:34.714 | INFO     | app.utils.data_handler:fetch_ohlcv_data:56 - Fetched 500 15m candles for BTCUSDT
2025-03-27 17:59:35.072 | INFO     | app.utils.data_handler:fetch_ohlcv_data:56 - Fetched 500 1h candles for BTCUSDT
2025-03-27 17:59:35.217 | INFO     | app.utils.data_handler:fetch_ohlcv_data:56 - Fetched 132 4h candles for BTCUSDT
2025-03-27 17:59:35.234 | INFO     | app.strategies.strategy_selector:_analyze_market_state:110 - Market state for BTCUSDT: scalping (volatility: 0.3244, directional: 0.0056)
2025-03-27 18:00:35.461 | INFO     | __main__:run_trading_cycle:47 - Running trading cycle at 2025-03-27 18:00:35.460837
2025-03-27 18:00:35.765 | INFO     | app.utils.data_handler:fetch_ohlcv_data:56 - Fetched 500 1m candles for BTCUSDT
2025-03-27 18:00:36.051 | INFO     | app.utils.data_handler:fetch_ohlcv_data:56 - Fetched 500 5m candles for BTCUSDT
2025-03-27 18:00:36.343 | INFO     | app.utils.data_handler:fetch_ohlcv_data:56 - Fetched 500 15m candles for BTCUSDT
2025-03-27 18:00:36.830 | INFO     | app.utils.data_handler:fetch_ohlcv_data:56 - Fetched 500 1h candles for BTCUSDT
2025-03-27 18:00:37.108 | INFO     | app.utils.data_handler:fetch_ohlcv_data:56 - Fetched 132 4h candles for BTCUSDT
2025-03-27 18:00:37.123 | INFO     | app.strategies.strategy_selector:_analyze_market_state:110 - Market state for BTCUSDT: scalping (volatility: 0.3014, directional: 0.0077)
2025-03-27 18:01:37.351 | INFO     | __main__:run_trading_cycle:47 - Running trading cycle at 2025-03-27 18:01:37.351633
2025-03-27 18:01:37.706 | INFO     | app.utils.data_handler:fetch_ohlcv_data:56 - Fetched 500 1m candles for BTCUSDT
2025-03-27 18:01:38.126 | INFO     | app.utils.data_handler:fetch_ohlcv_data:56 - Fetched 500 5m candles for BTCUSDT
2025-03-27 18:01:38.616 | INFO     | app.utils.data_handler:fetch_ohlcv_data:56 - Fetched 500 15m candles for BTCUSDT
2025-03-27 18:01:39.101 | INFO     | app.utils.data_handler:fetch_ohlcv_data:56 - Fetched 500 1h candles for BTCUSDT
2025-03-27 18:01:39.246 | INFO     | app.utils.data_handler:fetch_ohlcv_data:56 - Fetched 132 4h candles for BTCUSDT
2025-03-27 18:01:39.260 | INFO     | app.strategies.strategy_selector:_analyze_market_state:110 - Market state for BTCUSDT: scalping (volatility: 0.3014, directional: 0.0078)
2025-03-27 18:02:39.494 | INFO     | __main__:run_trading_cycle:47 - Running trading cycle at 2025-03-27 18:02:39.494309
2025-03-27 18:02:39.804 | INFO     | app.utils.data_handler:fetch_ohlcv_data:56 - Fetched 500 1m candles for BTCUSDT
2025-03-27 18:02:40.132 | INFO     | app.utils.data_handler:fetch_ohlcv_data:56 - Fetched 500 5m candles for BTCUSDT
2025-03-27 18:02:40.426 | INFO     | app.utils.data_handler:fetch_ohlcv_data:56 - Fetched 500 15m candles for BTCUSDT
2025-03-27 18:02:40.782 | INFO     | app.utils.data_handler:fetch_ohlcv_data:56 - Fetched 500 1h candles for BTCUSDT
2025-03-27 18:02:40.924 | INFO     | app.utils.data_handler:fetch_ohlcv_data:56 - Fetched 132 4h candles for BTCUSDT
2025-03-27 18:02:40.943 | INFO     | app.strategies.strategy_selector:_analyze_market_state:110 - Market state for BTCUSDT: scalping (volatility: 0.3013, directional: 0.0080)
2025-03-27 18:03:41.164 | INFO     | __main__:run_trading_cycle:47 - Running trading cycle at 2025-03-27 18:03:41.164222
2025-03-27 18:03:41.601 | INFO     | app.utils.data_handler:fetch_ohlcv_data:56 - Fetched 500 1m candles for BTCUSDT
2025-03-27 18:03:41.973 | INFO     | app.utils.data_handler:fetch_ohlcv_data:56 - Fetched 500 5m candles for BTCUSDT
2025-03-27 18:03:42.430 | INFO     | app.utils.data_handler:fetch_ohlcv_data:56 - Fetched 500 15m candles for BTCUSDT
2025-03-27 18:03:42.799 | INFO     | app.utils.data_handler:fetch_ohlcv_data:56 - Fetched 500 1h candles for BTCUSDT
2025-03-27 18:03:42.974 | INFO     | app.utils.data_handler:fetch_ohlcv_data:56 - Fetched 132 4h candles for BTCUSDT
2025-03-27 18:03:42.983 | INFO     | app.strategies.strategy_selector:_analyze_market_state:110 - Market state for BTCUSDT: scalping (volatility: 0.3012, directional: 0.0083)
2025-03-27 18:04:43.213 | INFO     | __main__:run_trading_cycle:47 - Running trading cycle at 2025-03-27 18:04:43.213278
2025-03-27 18:04:43.513 | INFO     | app.utils.data_handler:fetch_ohlcv_data:56 - Fetched 500 1m candles for BTCUSDT
2025-03-27 18:04:43.858 | INFO     | app.utils.data_handler:fetch_ohlcv_data:56 - Fetched 500 5m candles for BTCUSDT
2025-03-27 18:04:44.206 | INFO     | app.utils.data_handler:fetch_ohlcv_data:56 - Fetched 500 15m candles for BTCUSDT
2025-03-27 18:04:44.562 | INFO     | app.utils.data_handler:fetch_ohlcv_data:56 - Fetched 500 1h candles for BTCUSDT
2025-03-27 18:04:44.707 | INFO     | app.utils.data_handler:fetch_ohlcv_data:56 - Fetched 132 4h candles for BTCUSDT
2025-03-27 18:04:44.718 | INFO     | app.strategies.strategy_selector:_analyze_market_state:110 - Market state for BTCUSDT: scalping (volatility: 0.3012, directional: 0.0086)
2025-03-27 18:05:44.940 | INFO     | __main__:run_trading_cycle:47 - Running trading cycle at 2025-03-27 18:05:44.939700
2025-03-27 18:05:45.406 | INFO     | app.utils.data_handler:fetch_ohlcv_data:56 - Fetched 500 1m candles for BTCUSDT
2025-03-27 18:05:45.701 | INFO     | app.utils.data_handler:fetch_ohlcv_data:56 - Fetched 500 5m candles for BTCUSDT
2025-03-27 18:05:45.994 | INFO     | app.utils.data_handler:fetch_ohlcv_data:56 - Fetched 500 15m candles for BTCUSDT
2025-03-27 18:05:46.488 | INFO     | app.utils.data_handler:fetch_ohlcv_data:56 - Fetched 500 1h candles for BTCUSDT
2025-03-27 18:05:46.771 | INFO     | app.utils.data_handler:fetch_ohlcv_data:56 - Fetched 132 4h candles for BTCUSDT
2025-03-27 18:05:46.790 | INFO     | app.strategies.strategy_selector:_analyze_market_state:110 - Market state for BTCUSDT: scalping (volatility: 0.3011, directional: 0.0091)
2025-03-27 18:06:47.022 | INFO     | __main__:run_trading_cycle:47 - Running trading cycle at 2025-03-27 18:06:47.021948
2025-03-27 18:06:47.332 | INFO     | app.utils.data_handler:fetch_ohlcv_data:56 - Fetched 500 1m candles for BTCUSDT
2025-03-27 18:06:47.820 | INFO     | app.utils.data_handler:fetch_ohlcv_data:56 - Fetched 500 5m candles for BTCUSDT
2025-03-27 18:06:48.315 | INFO     | app.utils.data_handler:fetch_ohlcv_data:56 - Fetched 500 15m candles for BTCUSDT
2025-03-27 18:06:48.809 | INFO     | app.utils.data_handler:fetch_ohlcv_data:56 - Fetched 500 1h candles for BTCUSDT
2025-03-27 18:06:49.092 | INFO     | app.utils.data_handler:fetch_ohlcv_data:56 - Fetched 132 4h candles for BTCUSDT
2025-03-27 18:06:49.110 | INFO     | app.strategies.strategy_selector:_analyze_market_state:110 - Market state for BTCUSDT: scalping (volatility: 0.3011, directional: 0.0092)
2025-03-27 18:07:49.333 | INFO     | __main__:run_trading_cycle:47 - Running trading cycle at 2025-03-27 18:07:49.333593
2025-03-27 18:07:49.694 | INFO     | app.utils.data_handler:fetch_ohlcv_data:56 - Fetched 500 1m candles for BTCUSDT
2025-03-27 18:07:50.055 | INFO     | app.utils.data_handler:fetch_ohlcv_data:56 - Fetched 500 5m candles for BTCUSDT
2025-03-27 18:07:50.347 | INFO     | app.utils.data_handler:fetch_ohlcv_data:56 - Fetched 500 15m candles for BTCUSDT
2025-03-27 18:07:50.636 | INFO     | app.utils.data_handler:fetch_ohlcv_data:56 - Fetched 500 1h candles for BTCUSDT
2025-03-27 18:07:50.916 | INFO     | app.utils.data_handler:fetch_ohlcv_data:56 - Fetched 132 4h candles for BTCUSDT
2025-03-27 18:07:50.934 | INFO     | app.strategies.strategy_selector:_analyze_market_state:110 - Market state for BTCUSDT: scalping (volatility: 0.3010, directional: 0.0093)
2025-03-27 18:08:51.157 | INFO     | __main__:run_trading_cycle:47 - Running trading cycle at 2025-03-27 18:08:51.156961
2025-03-27 18:08:51.593 | INFO     | app.utils.data_handler:fetch_ohlcv_data:56 - Fetched 500 1m candles for BTCUSDT
2025-03-27 18:08:51.880 | INFO     | app.utils.data_handler:fetch_ohlcv_data:56 - Fetched 500 5m candles for BTCUSDT
2025-03-27 18:08:52.502 | INFO     | app.utils.data_handler:fetch_ohlcv_data:56 - Fetched 500 15m candles for BTCUSDT
2025-03-27 18:08:52.862 | INFO     | app.utils.data_handler:fetch_ohlcv_data:56 - Fetched 500 1h candles for BTCUSDT
2025-03-27 18:08:53.006 | INFO     | app.utils.data_handler:fetch_ohlcv_data:56 - Fetched 132 4h candles for BTCUSDT
2025-03-27 18:08:53.024 | INFO     | app.strategies.strategy_selector:_analyze_market_state:110 - Market state for BTCUSDT: scalping (volatility: 0.3010, directional: 0.0095)
2025-03-27 18:09:53.249 | INFO     | __main__:run_trading_cycle:47 - Running trading cycle at 2025-03-27 18:09:53.248466
2025-03-27 18:09:53.643 | INFO     | app.utils.data_handler:fetch_ohlcv_data:56 - Fetched 500 1m candles for BTCUSDT
2025-03-27 18:09:54.003 | INFO     | app.utils.data_handler:fetch_ohlcv_data:56 - Fetched 500 5m candles for BTCUSDT
2025-03-27 18:09:54.290 | INFO     | app.utils.data_handler:fetch_ohlcv_data:56 - Fetched 500 15m candles for BTCUSDT
2025-03-27 18:09:54.783 | INFO     | app.utils.data_handler:fetch_ohlcv_data:56 - Fetched 500 1h candles for BTCUSDT
2025-03-27 18:09:54.928 | INFO     | app.utils.data_handler:fetch_ohlcv_data:56 - Fetched 132 4h candles for BTCUSDT
2025-03-27 18:09:54.946 | INFO     | app.strategies.strategy_selector:_analyze_market_state:110 - Market state for BTCUSDT: scalping (volatility: 0.3011, directional: 0.0093)
2025-03-27 18:10:55.171 | INFO     | __main__:run_trading_cycle:47 - Running trading cycle at 2025-03-27 18:10:55.171187
2025-03-27 18:10:55.483 | INFO     | app.utils.data_handler:fetch_ohlcv_data:56 - Fetched 500 1m candles for BTCUSDT
2025-03-27 18:10:56.525 | INFO     | app.utils.data_handler:fetch_ohlcv_data:56 - Fetched 500 5m candles for BTCUSDT
2025-03-27 18:10:56.900 | INFO     | app.utils.data_handler:fetch_ohlcv_data:56 - Fetched 500 15m candles for BTCUSDT
2025-03-27 18:10:57.399 | INFO     | app.utils.data_handler:fetch_ohlcv_data:56 - Fetched 500 1h candles for BTCUSDT
2025-03-27 18:10:57.681 | INFO     | app.utils.data_handler:fetch_ohlcv_data:56 - Fetched 132 4h candles for BTCUSDT
2025-03-27 18:10:57.700 | INFO     | app.strategies.strategy_selector:_analyze_market_state:110 - Market state for BTCUSDT: scalping (volatility: 0.3012, directional: 0.0088)
2025-03-27 18:11:57.917 | INFO     | __main__:run_trading_cycle:47 - Running trading cycle at 2025-03-27 18:11:57.916602
2025-03-27 18:11:58.300 | INFO     | app.utils.data_handler:fetch_ohlcv_data:56 - Fetched 500 1m candles for BTCUSDT
2025-03-27 18:11:58.730 | INFO     | app.utils.data_handler:fetch_ohlcv_data:56 - Fetched 500 5m candles for BTCUSDT
2025-03-27 18:11:59.018 | INFO     | app.utils.data_handler:fetch_ohlcv_data:56 - Fetched 500 15m candles for BTCUSDT
2025-03-27 18:11:59.372 | INFO     | app.utils.data_handler:fetch_ohlcv_data:56 - Fetched 500 1h candles for BTCUSDT
2025-03-27 18:11:59.515 | INFO     | app.utils.data_handler:fetch_ohlcv_data:56 - Fetched 132 4h candles for BTCUSDT
2025-03-27 18:11:59.533 | INFO     | app.strategies.strategy_selector:_analyze_market_state:110 - Market state for BTCUSDT: scalping (volatility: 0.3013, directional: 0.0085)
2025-03-27 18:12:59.801 | INFO     | __main__:run_trading_cycle:47 - Running trading cycle at 2025-03-27 18:12:59.800788
2025-03-27 18:13:00.107 | INFO     | app.utils.data_handler:fetch_ohlcv_data:56 - Fetched 500 1m candles for BTCUSDT
2025-03-27 18:13:00.609 | INFO     | app.utils.data_handler:fetch_ohlcv_data:56 - Fetched 500 5m candles for BTCUSDT
2025-03-27 18:13:00.896 | INFO     | app.utils.data_handler:fetch_ohlcv_data:56 - Fetched 500 15m candles for BTCUSDT
2025-03-27 18:13:01.190 | INFO     | app.utils.data_handler:fetch_ohlcv_data:56 - Fetched 500 1h candles for BTCUSDT
2025-03-27 18:13:01.337 | INFO     | app.utils.data_handler:fetch_ohlcv_data:56 - Fetched 132 4h candles for BTCUSDT
2025-03-27 18:13:01.356 | INFO     | app.strategies.strategy_selector:_analyze_market_state:110 - Market state for BTCUSDT: scalping (volatility: 0.3012, directional: 0.0087)
2025-03-27 18:14:01.578 | INFO     | __main__:run_trading_cycle:47 - Running trading cycle at 2025-03-27 18:14:01.578141
2025-03-27 18:14:02.013 | INFO     | app.utils.data_handler:fetch_ohlcv_data:56 - Fetched 500 1m candles for BTCUSDT
2025-03-27 18:14:02.407 | INFO     | app.utils.data_handler:fetch_ohlcv_data:56 - Fetched 500 5m candles for BTCUSDT
2025-03-27 18:14:02.773 | INFO     | app.utils.data_handler:fetch_ohlcv_data:56 - Fetched 500 15m candles for BTCUSDT
2025-03-27 18:14:03.194 | INFO     | app.utils.data_handler:fetch_ohlcv_data:56 - Fetched 500 1h candles for BTCUSDT
2025-03-27 18:14:03.349 | INFO     | app.utils.data_handler:fetch_ohlcv_data:56 - Fetched 132 4h candles for BTCUSDT
2025-03-27 18:14:03.367 | INFO     | app.strategies.strategy_selector:_analyze_market_state:110 - Market state for BTCUSDT: scalping (volatility: 0.3012, directional: 0.0090)
2025-03-27 18:25:08.862 | INFO     | __main__:run_trading_cycle:47 - Running trading cycle at 2025-03-27 18:25:08.861338
2025-03-27 18:25:19.099 | ERROR    | app.utils.data_handler:fetch_ohlcv_data:60 - Error fetching OHLCV data for BTCUSDT 1m: HTTPSConnectionPool(host='testnet.binance.vision', port=443): Read timed out. (read timeout=10)
2025-03-27 18:25:20.051 | INFO     | app.utils.data_handler:fetch_ohlcv_data:56 - Fetched 500 5m candles for BTCUSDT
2025-03-27 18:25:34.773 | ERROR    | app.utils.data_handler:fetch_ohlcv_data:60 - Error fetching OHLCV data for BTCUSDT 15m: HTTPSConnectionPool(host='testnet.binance.vision', port=443): Read timed out. (read timeout=10)
2025-03-27 18:25:35.676 | INFO     | app.utils.data_handler:fetch_ohlcv_data:56 - Fetched 500 1h candles for BTCUSDT
2025-03-27 18:25:36.024 | INFO     | app.utils.data_handler:fetch_ohlcv_data:56 - Fetched 132 4h candles for BTCUSDT
2025-03-27 18:25:36.037 | INFO     | app.strategies.strategy_selector:_analyze_market_state:110 - Market state for BTCUSDT: scalping (volatility: 0.3019, directional: 0.0068)
2025-03-27 18:26:36.196 | INFO     | __main__:run_trading_cycle:47 - Running trading cycle at 2025-03-27 18:26:36.196110
2025-03-27 18:26:36.606 | INFO     | app.utils.data_handler:fetch_ohlcv_data:56 - Fetched 500 1m candles for BTCUSDT
2025-03-27 18:26:37.109 | INFO     | app.utils.data_handler:fetch_ohlcv_data:56 - Fetched 500 5m candles for BTCUSDT
2025-03-27 18:26:37.662 | INFO     | app.utils.data_handler:fetch_ohlcv_data:56 - Fetched 500 15m candles for BTCUSDT
2025-03-27 18:26:38.157 | INFO     | app.utils.data_handler:fetch_ohlcv_data:56 - Fetched 500 1h candles for BTCUSDT
2025-03-27 18:26:38.325 | INFO     | app.utils.data_handler:fetch_ohlcv_data:56 - Fetched 132 4h candles for BTCUSDT
2025-03-27 18:26:38.341 | INFO     | app.strategies.strategy_selector:_analyze_market_state:110 - Market state for BTCUSDT: scalping (volatility: 0.3020, directional: 0.0063)
2025-03-27 18:27:38.566 | INFO     | __main__:run_trading_cycle:47 - Running trading cycle at 2025-03-27 18:27:38.566093
2025-03-27 18:27:38.958 | INFO     | app.utils.data_handler:fetch_ohlcv_data:56 - Fetched 500 1m candles for BTCUSDT
2025-03-27 18:27:39.493 | INFO     | app.utils.data_handler:fetch_ohlcv_data:56 - Fetched 500 5m candles for BTCUSDT
2025-03-27 18:27:39.897 | INFO     | app.utils.data_handler:fetch_ohlcv_data:56 - Fetched 500 15m candles for BTCUSDT
2025-03-27 18:27:40.215 | INFO     | app.utils.data_handler:fetch_ohlcv_data:56 - Fetched 500 1h candles for BTCUSDT
2025-03-27 18:27:40.515 | INFO     | app.utils.data_handler:fetch_ohlcv_data:56 - Fetched 132 4h candles for BTCUSDT
2025-03-27 18:27:40.532 | INFO     | app.strategies.strategy_selector:_analyze_market_state:110 - Market state for BTCUSDT: scalping (volatility: 0.3022, directional: 0.0059)
2025-03-27 18:28:10.526 | INFO     | __main__:run_forever:241 - Trading bot stopped by user
